#
# There is insufficient memory for the Java Runtime Environment to continue.
# Native memory allocation (malloc) failed to allocate 2097152 bytes. Error detail: AllocateHeap
# Possible reasons:
#   The system is out of physical RAM or swap space
#   This process is running with CompressedOops enabled, and the Java Heap may be blocking the growth of the native heap
# Possible solutions:
#   Reduce memory load on the system
#   Increase physical memory or swap space
#   Check if swap backing store is full
#   Decrease Java heap size (-Xmx/-Xms)
#   Decrease number of Java threads
#   Decrease Java thread stack sizes (-Xss)
#   Set larger code cache with -XX:ReservedCodeCacheSize=
#   JVM is running with Unscaled Compressed Oops mode in which the Java heap is
#     placed in the first 4GB address space. The Java Heap base address is the
#     maximum limit for the native heap growth. Please use -XX:HeapBaseMinAddress
#     to set the Java Heap base and to place the Java Heap above 4GB virtual address.
# This output file may be truncated or incomplete.
#
#  Out of Memory Error (allocation.cpp:44), pid=9548, tid=34488
#
# JRE version: OpenJDK Runtime Environment Temurin-21.0.6+7 (21.0.6+7) (build 21.0.6+7-LTS)
# Java VM: OpenJDK 64-Bit Server VM Temurin-21.0.6+7 (21.0.6+7-LTS, mixed mode, emulated-client, sharing, tiered, compressed oops, compressed class ptrs, g1 gc, windows-amd64)
# No core dump will be written. Minidumps are not enabled by default on client versions of Windows
#

---------------  S U M M A R Y ------------

Command Line: -Xmx1024m -Dsts.lsp.client=vscode -Dsts.log.file=/dev/null -XX:TieredStopAtLevel=1 -Xlog:jni+resolve=off -Dspring.config.location=file:c:\Users\91952\.vscode\extensions\vmware.vscode-spring-boot-1.56.0\language-server\BOOT-INF\classes\application.properties org.springframework.ide.vscode.boot.app.BootLanguageServerBootApp

Host: AMD Ryzen 5 5600H with Radeon Graphics         , 12 cores, 7G,  Windows 11 , 64 bit Build 22621 (10.0.22621.4391)
Time: Tue Mar  4 15:53:59 2025 India Standard Time elapsed time: 321.275294 seconds (0d 0h 5m 21s)

---------------  T H R E A D  ---------------

Current thread (0x000002009a215930):  VMThread "VM Thread"          [id=34488, stack(0x0000004f91900000,0x0000004f91a00000) (1024K)]

Stack: [0x0000004f91900000,0x0000004f91a00000]
Native frames: (J=compiled Java code, j=interpreted, Vv=VM code, C=native code)
V  [jvm.dll+0x6cdee9]
V  [jvm.dll+0x8a83d1]
V  [jvm.dll+0x8aa8fe]
V  [jvm.dll+0x8aafe3]
V  [jvm.dll+0x27f706]
V  [jvm.dll+0xbfb37]
V  [jvm.dll+0x34679e]
V  [jvm.dll+0x34111e]
V  [jvm.dll+0x329a18]
V  [jvm.dll+0x36bca4]
V  [jvm.dll+0x8b0cff]
V  [jvm.dll+0x8b2084]
V  [jvm.dll+0x8b25c0]
V  [jvm.dll+0x8b2863]
V  [jvm.dll+0x851f8b]
V  [jvm.dll+0x6cc5ed]
C  [ucrtbase.dll+0x29333]
C  [KERNEL32.DLL+0x1259d]
C  [ntdll.dll+0x5af38]

VM_Operation (0x0000004f933fef80): G1CollectFull, mode: safepoint, requested by thread 0x00000200e0f34630


---------------  P R O C E S S  ---------------

Threads class SMR info:
_java_thread_list=0x00000200e151bf50, length=26, elements={
0x000002009a229e20, 0x000002009a22ad30, 0x000002009a22da50, 0x000002009a233620,
0x000002009a234070, 0x000002009a234ac0, 0x000002009a235510, 0x000002009a3b0b60,
0x000002009a3b71e0, 0x00000200e0b65880, 0x00000200e0f34630, 0x000002009a1fcb90,
0x000002008d9f5bc0, 0x00000200e1486620, 0x00000200e14c2030, 0x00000200e0f7fe60,
0x00000200e0f7d070, 0x00000200e0f804f0, 0x00000200e0f7e420, 0x00000200e0f7dd90,
0x00000200e0f7eab0, 0x00000200e0f7f140, 0x00000200e152fed0, 0x00000200e152ca50,
0x00000200e1529c60, 0x00000200e152d770
}

Java Threads: ( => current thread )
  0x000002009a229e20 JavaThread "Reference Handler"          daemon [_thread_blocked, id=14512, stack(0x0000004f91a00000,0x0000004f91b00000) (1024K)]
  0x000002009a22ad30 JavaThread "Finalizer"                  daemon [_thread_blocked, id=28648, stack(0x0000004f91b00000,0x0000004f91c00000) (1024K)]
  0x000002009a22da50 JavaThread "Signal Dispatcher"          daemon [_thread_blocked, id=35932, stack(0x0000004f91c00000,0x0000004f91d00000) (1024K)]
  0x000002009a233620 JavaThread "Attach Listener"            daemon [_thread_blocked, id=20804, stack(0x0000004f91d00000,0x0000004f91e00000) (1024K)]
  0x000002009a234070 JavaThread "Service Thread"             daemon [_thread_blocked, id=2148, stack(0x0000004f91e00000,0x0000004f91f00000) (1024K)]
  0x000002009a234ac0 JavaThread "Monitor Deflation Thread"   daemon [_thread_blocked, id=35056, stack(0x0000004f91f00000,0x0000004f92000000) (1024K)]
  0x000002009a235510 JavaThread "C1 CompilerThread0"         daemon [_thread_blocked, id=28616, stack(0x0000004f92000000,0x0000004f92100000) (1024K)]
  0x000002009a3b0b60 JavaThread "Notification Thread"        daemon [_thread_blocked, id=4140, stack(0x0000004f92200000,0x0000004f92300000) (1024K)]
  0x000002009a3b71e0 JavaThread "Common-Cleaner"             daemon [_thread_blocked, id=27536, stack(0x0000004f92300000,0x0000004f92400000) (1024K)]
  0x00000200e0b65880 JavaThread "boundedElastic-evictor-1"   daemon [_thread_blocked, id=31284, stack(0x0000004f93200000,0x0000004f93300000) (1024K)]
  0x00000200e0f34630 JavaThread "pool-12-thread-1"                  [_thread_blocked, id=10680, stack(0x0000004f93300000,0x0000004f93400000) (1024K)]
  0x000002009a1fcb90 JavaThread "LanguageServerApp-lifecycle"        [_thread_blocked, id=20140, stack(0x0000004f93400000,0x0000004f93500000) (1024K)]
  0x000002008d9f5bc0 JavaThread "DestroyJavaVM"                     [_thread_blocked, id=26188, stack(0x0000004f91200000,0x0000004f91300000) (1024K)]
  0x00000200e1486620 JavaThread "pool-13-thread-1"                  [_thread_in_native, id=23592, stack(0x0000004f93500000,0x0000004f93600000) (1024K)]
  0x00000200e14c2030 JavaThread "Simple-Language-Server main thread" daemon [_thread_blocked, id=34180, stack(0x0000004f93600000,0x0000004f93700000) (1024K)]
  0x00000200e0f7fe60 JavaThread "pool-7-thread-1"                   [_thread_blocked, id=35796, stack(0x0000004f93700000,0x0000004f93800000) (1024K)]
  0x00000200e0f7d070 JavaThread "parallel-1"                 daemon [_thread_blocked, id=38180, stack(0x0000004f93800000,0x0000004f93900000) (1024K)]
  0x00000200e0f804f0 JavaThread "parallel-2"                 daemon [_thread_blocked, id=19280, stack(0x0000004f93900000,0x0000004f93a00000) (1024K)]
  0x00000200e0f7e420 JavaThread "parallel-3"                 daemon [_thread_blocked, id=27440, stack(0x0000004f93a00000,0x0000004f93b00000) (1024K)]
  0x00000200e0f7dd90 JavaThread "parallel-4"                 daemon [_thread_blocked, id=2644, stack(0x0000004f93b00000,0x0000004f93c00000) (1024K)]
  0x00000200e0f7eab0 JavaThread "pool-5-thread-1"                   [_thread_blocked, id=18452, stack(0x0000004f93d00000,0x0000004f93e00000) (1024K)]
  0x00000200e0f7f140 JavaThread "parallel-5"                 daemon [_thread_blocked, id=26320, stack(0x0000004f93e00000,0x0000004f93f00000) (1024K)]
  0x00000200e152fed0 JavaThread "parallel-6"                 daemon [_thread_blocked, id=22796, stack(0x0000004f93f00000,0x0000004f94000000) (1024K)]
  0x00000200e152ca50 JavaThread "parallel-7"                 daemon [_thread_blocked, id=35240, stack(0x0000004f94000000,0x0000004f94100000) (1024K)]
  0x00000200e1529c60 JavaThread "parallel-8"                 daemon [_thread_blocked, id=19912, stack(0x0000004f94100000,0x0000004f94200000) (1024K)]
  0x00000200e152d770 JavaThread "Reconciler-1"               daemon [_thread_blocked, id=27512, stack(0x0000004f94500000,0x0000004f94600000) (1024K)]
Total: 26

Other Threads:
=>0x000002009a215930 VMThread "VM Thread"                           [id=34488, stack(0x0000004f91900000,0x0000004f91a00000) (1024K)]
  0x000002009a1fdcc0 WatcherThread "VM Periodic Task Thread"        [id=34872, stack(0x0000004f91800000,0x0000004f91900000) (1024K)]
  0x000002008fcd2a80 WorkerThread "GC Thread#0"                     [id=28220, stack(0x0000004f91300000,0x0000004f91400000) (1024K)]
  0x000002009abcaf30 WorkerThread "GC Thread#1"                     [id=9204, stack(0x0000004f92500000,0x0000004f92600000) (1024K)]
  0x000002009ade8930 WorkerThread "GC Thread#2"                     [id=29228, stack(0x0000004f92600000,0x0000004f92700000) (1024K)]
  0x000002009ade8cd0 WorkerThread "GC Thread#3"                     [id=38492, stack(0x0000004f92700000,0x0000004f92800000) (1024K)]
  0x00000200e01c3790 WorkerThread "GC Thread#4"                     [id=19744, stack(0x0000004f92800000,0x0000004f92900000) (1024K)]
  0x00000200e01c53e0 WorkerThread "GC Thread#5"                     [id=5260, stack(0x0000004f92900000,0x0000004f92a00000) (1024K)]
  0x00000200e01c5f90 WorkerThread "GC Thread#6"                     [id=33052, stack(0x0000004f92a00000,0x0000004f92b00000) (1024K)]
  0x00000200e0623fe0 WorkerThread "GC Thread#7"                     [id=36872, stack(0x0000004f92e00000,0x0000004f92f00000) (1024K)]
  0x00000200e05169a0 WorkerThread "GC Thread#8"                     [id=27012, stack(0x0000004f92f00000,0x0000004f93000000) (1024K)]
  0x00000200e06ce280 WorkerThread "GC Thread#9"                     [id=15748, stack(0x0000004f93000000,0x0000004f93100000) (1024K)]
  0x000002008fcdc980 ConcurrentGCThread "G1 Main Marker"            [id=23800, stack(0x0000004f91400000,0x0000004f91500000) (1024K)]
  0x000002008fcdd390 WorkerThread "G1 Conc#0"                       [id=24256, stack(0x0000004f91500000,0x0000004f91600000) (1024K)]
  0x00000200e06ce620 WorkerThread "G1 Conc#1"                       [id=12936, stack(0x0000004f92c00000,0x0000004f92d00000) (1024K)]
  0x00000200e06cdb40 WorkerThread "G1 Conc#2"                       [id=25460, stack(0x0000004f93100000,0x0000004f93200000) (1024K)]
  0x000002008fd4e6c0 ConcurrentGCThread "G1 Refine#0"               [id=15884, stack(0x0000004f91600000,0x0000004f91700000) (1024K)]
  0x000002009a0d4340 ConcurrentGCThread "G1 Service"                [id=4688, stack(0x0000004f91700000,0x0000004f91800000) (1024K)]
Total: 18

Threads with active compile tasks:
Total: 0

VM state: at safepoint (normal execution)

VM Mutex/Monitor currently owned by a thread:  ([mutex/lock_event])
[0x00007ffcebf2e380] Threads_lock - owner thread: 0x000002009a215930
[0x00007ffcebf2e480] Heap_lock - owner thread: 0x00000200e0f34630

Heap address: 0x00000000c0000000, size: 1024 MB, Compressed Oops mode: 32-bit

CDS archive(s) mapped at: [0x000002009b000000-0x000002009bba0000-0x000002009bba0000), size 12189696, SharedBaseAddress: 0x000002009b000000, ArchiveRelocationMode: 1.
Compressed class space mapped at: 0x000002009c000000-0x00000200dc000000, reserved size: 1073741824
Narrow klass base: 0x000002009b000000, Narrow klass shift: 0, Narrow klass range: 0x100000000

GC Precious Log:
 CardTable entry size: 512
 Card Set container configuration: InlinePtr #cards 5 size 8 Array Of Cards #cards 12 size 40 Howl #buckets 4 coarsen threshold 1843 Howl Bitmap #cards 512 size 80 coarsen threshold 460 Card regions per heap region 1 cards per card region 2048
 CPUs: 12 total, 12 available
 Memory: 7521M
 Large Page Support: Disabled
 NUMA Support: Disabled
 Compressed Oops: Enabled (32-bit)
 Heap Region Size: 1M
 Heap Min Capacity: 8M
 Heap Initial Capacity: 118M
 Heap Max Capacity: 1G
 Pre-touch: Disabled
 Parallel Workers: 10
 Concurrent Workers: 3
 Concurrent Refinement Workers: 10
 Periodic GC: Disabled

Heap:
 garbage-first heap   total 89088K, used 25846K [0x00000000c0000000, 0x0000000100000000)
  region size 1024K, 1 young (1024K), 0 survivors (0K)
 Metaspace       used 33514K, committed 34432K, reserved 1114112K
  class space    used 4398K, committed 4736K, reserved 1048576K

Heap Regions: E=young(eden), S=young(survivor), O=old, HS=humongous(starts), HC=humongous(continues), CS=collection set, F=free, TAMS=top-at-mark-start, PB=parsable bottom
|   0|0x00000000c0000000, 0x00000000c0100000, 0x00000000c0100000|100%|HS|  |TAMS 0x00000000c0000000| PB 0x00000000c0000000| Untracked 
|   1|0x00000000c0100000, 0x00000000c0200000, 0x00000000c0200000|100%|HC|  |TAMS 0x00000000c0100000| PB 0x00000000c0100000| Untracked 
|   2|0x00000000c0200000, 0x00000000c0300000, 0x00000000c0300000|100%|HC|  |TAMS 0x00000000c0200000| PB 0x00000000c0200000| Untracked 
|   3|0x00000000c0300000, 0x00000000c0400000, 0x00000000c0400000|100%|HC|  |TAMS 0x00000000c0300000| PB 0x00000000c0300000| Untracked 
|   4|0x00000000c0400000, 0x00000000c0500000, 0x00000000c0500000|100%|HS|  |TAMS 0x00000000c0400000| PB 0x00000000c0400000| Untracked 
|   5|0x00000000c0500000, 0x00000000c0600000, 0x00000000c0600000|100%|HC|  |TAMS 0x00000000c0500000| PB 0x00000000c0500000| Untracked 
|   6|0x00000000c0600000, 0x00000000c0700000, 0x00000000c0700000|100%| O|  |TAMS 0x00000000c0600000| PB 0x00000000c0600000| Untracked 
|   7|0x00000000c0700000, 0x00000000c0800000, 0x00000000c0800000|100%| O|  |TAMS 0x00000000c0700000| PB 0x00000000c0700000| Untracked 
|   8|0x00000000c0800000, 0x00000000c0900000, 0x00000000c0900000|100%| O|  |TAMS 0x00000000c0800000| PB 0x00000000c0800000| Untracked 
|   9|0x00000000c0900000, 0x00000000c0a00000, 0x00000000c0a00000|100%| O|  |TAMS 0x00000000c0900000| PB 0x00000000c0900000| Untracked 
|  10|0x00000000c0a00000, 0x00000000c0b00000, 0x00000000c0b00000|100%| O|  |TAMS 0x00000000c0a00000| PB 0x00000000c0a00000| Untracked 
|  11|0x00000000c0b00000, 0x00000000c0c00000, 0x00000000c0c00000|100%| O|  |TAMS 0x00000000c0b00000| PB 0x00000000c0b00000| Untracked 
|  12|0x00000000c0c00000, 0x00000000c0cfffc0, 0x00000000c0d00000| 99%| O|  |TAMS 0x00000000c0c00000| PB 0x00000000c0c00000| Untracked 
|  13|0x00000000c0d00000, 0x00000000c0e00000, 0x00000000c0e00000|100%| O|  |TAMS 0x00000000c0d00000| PB 0x00000000c0d00000| Untracked 
|  14|0x00000000c0e00000, 0x00000000c0f00000, 0x00000000c0f00000|100%| O|  |TAMS 0x00000000c0e00000| PB 0x00000000c0e00000| Untracked 
|  15|0x00000000c0f00000, 0x00000000c0ffffe8, 0x00000000c1000000| 99%| O|  |TAMS 0x00000000c0f00000| PB 0x00000000c0f00000| Untracked 
|  16|0x00000000c1000000, 0x00000000c10ffff8, 0x00000000c1100000| 99%| O|  |TAMS 0x00000000c1000000| PB 0x00000000c1000000| Untracked 
|  17|0x00000000c1100000, 0x00000000c11f5648, 0x00000000c1200000| 95%| O|  |TAMS 0x00000000c1100000| PB 0x00000000c1100000| Untracked 
|  18|0x00000000c1200000, 0x00000000c12ffff0, 0x00000000c1300000| 99%| O|  |TAMS 0x00000000c1200000| PB 0x00000000c1200000| Untracked 
|  19|0x00000000c1300000, 0x00000000c13ffff8, 0x00000000c1400000| 99%| O|  |TAMS 0x00000000c1300000| PB 0x00000000c1300000| Untracked 
|  20|0x00000000c1400000, 0x00000000c14fffd8, 0x00000000c1500000| 99%| O|  |TAMS 0x00000000c1400000| PB 0x00000000c1400000| Untracked 
|  21|0x00000000c1500000, 0x00000000c15fffa8, 0x00000000c1600000| 99%| O|  |TAMS 0x00000000c1500000| PB 0x00000000c1500000| Untracked 
|  22|0x00000000c1600000, 0x00000000c16ffff8, 0x00000000c1700000| 99%| O|  |TAMS 0x00000000c1600000| PB 0x00000000c1600000| Untracked 
|  23|0x00000000c1700000, 0x00000000c1800000, 0x00000000c1800000|100%| O|  |TAMS 0x00000000c1700000| PB 0x00000000c1700000| Untracked 
|  24|0x00000000c1800000, 0x00000000c18e7940, 0x00000000c1900000| 90%| O|  |TAMS 0x00000000c1800000| PB 0x00000000c1800000| Untracked 
|  25|0x00000000c1900000, 0x00000000c1960c00, 0x00000000c1a00000| 37%| O|  |TAMS 0x00000000c1900000| PB 0x00000000c1900000| Untracked 
|  26|0x00000000c1a00000, 0x00000000c1a00000, 0x00000000c1b00000|  0%| F|  |TAMS 0x00000000c1a00000| PB 0x00000000c1a00000| Untracked 
|  27|0x00000000c1b00000, 0x00000000c1b00000, 0x00000000c1c00000|  0%| F|  |TAMS 0x00000000c1b00000| PB 0x00000000c1b00000| Untracked 
|  28|0x00000000c1c00000, 0x00000000c1c00000, 0x00000000c1d00000|  0%| F|  |TAMS 0x00000000c1c00000| PB 0x00000000c1c00000| Untracked 
|  29|0x00000000c1d00000, 0x00000000c1d00000, 0x00000000c1e00000|  0%| F|  |TAMS 0x00000000c1d00000| PB 0x00000000c1d00000| Untracked 
|  30|0x00000000c1e00000, 0x00000000c1e00000, 0x00000000c1f00000|  0%| F|  |TAMS 0x00000000c1e00000| PB 0x00000000c1e00000| Untracked 
|  31|0x00000000c1f00000, 0x00000000c1f00000, 0x00000000c2000000|  0%| F|  |TAMS 0x00000000c1f00000| PB 0x00000000c1f00000| Untracked 
|  32|0x00000000c2000000, 0x00000000c2000000, 0x00000000c2100000|  0%| F|  |TAMS 0x00000000c2000000| PB 0x00000000c2000000| Untracked 
|  33|0x00000000c2100000, 0x00000000c2100000, 0x00000000c2200000|  0%| F|  |TAMS 0x00000000c2100000| PB 0x00000000c2100000| Untracked 
|  34|0x00000000c2200000, 0x00000000c2200000, 0x00000000c2300000|  0%| F|  |TAMS 0x00000000c2200000| PB 0x00000000c2200000| Untracked 
|  35|0x00000000c2300000, 0x00000000c2300000, 0x00000000c2400000|  0%| F|  |TAMS 0x00000000c2300000| PB 0x00000000c2300000| Untracked 
|  36|0x00000000c2400000, 0x00000000c2400000, 0x00000000c2500000|  0%| F|  |TAMS 0x00000000c2400000| PB 0x00000000c2400000| Untracked 
|  37|0x00000000c2500000, 0x00000000c2500000, 0x00000000c2600000|  0%| F|  |TAMS 0x00000000c2500000| PB 0x00000000c2500000| Untracked 
|  38|0x00000000c2600000, 0x00000000c2600000, 0x00000000c2700000|  0%| F|  |TAMS 0x00000000c2600000| PB 0x00000000c2600000| Untracked 
|  39|0x00000000c2700000, 0x00000000c2700000, 0x00000000c2800000|  0%| F|  |TAMS 0x00000000c2700000| PB 0x00000000c2700000| Untracked 
|  40|0x00000000c2800000, 0x00000000c2800000, 0x00000000c2900000|  0%| F|  |TAMS 0x00000000c2800000| PB 0x00000000c2800000| Untracked 
|  41|0x00000000c2900000, 0x00000000c2900000, 0x00000000c2a00000|  0%| F|  |TAMS 0x00000000c2900000| PB 0x00000000c2900000| Untracked 
|  42|0x00000000c2a00000, 0x00000000c2a00000, 0x00000000c2b00000|  0%| F|  |TAMS 0x00000000c2a00000| PB 0x00000000c2a00000| Untracked 
|  43|0x00000000c2b00000, 0x00000000c2b00000, 0x00000000c2c00000|  0%| F|  |TAMS 0x00000000c2b00000| PB 0x00000000c2b00000| Untracked 
|  44|0x00000000c2c00000, 0x00000000c2c00000, 0x00000000c2d00000|  0%| F|  |TAMS 0x00000000c2c00000| PB 0x00000000c2c00000| Untracked 
|  45|0x00000000c2d00000, 0x00000000c2d00000, 0x00000000c2e00000|  0%| F|  |TAMS 0x00000000c2d00000| PB 0x00000000c2d00000| Untracked 
|  46|0x00000000c2e00000, 0x00000000c2e00000, 0x00000000c2f00000|  0%| F|  |TAMS 0x00000000c2e00000| PB 0x00000000c2e00000| Untracked 
|  47|0x00000000c2f00000, 0x00000000c2f00000, 0x00000000c3000000|  0%| F|  |TAMS 0x00000000c2f00000| PB 0x00000000c2f00000| Untracked 
|  48|0x00000000c3000000, 0x00000000c3000000, 0x00000000c3100000|  0%| F|  |TAMS 0x00000000c3000000| PB 0x00000000c3000000| Untracked 
|  49|0x00000000c3100000, 0x00000000c3100000, 0x00000000c3200000|  0%| F|  |TAMS 0x00000000c3100000| PB 0x00000000c3100000| Untracked 
|  50|0x00000000c3200000, 0x00000000c3200000, 0x00000000c3300000|  0%| F|  |TAMS 0x00000000c3200000| PB 0x00000000c3200000| Untracked 
|  51|0x00000000c3300000, 0x00000000c3300000, 0x00000000c3400000|  0%| F|  |TAMS 0x00000000c3300000| PB 0x00000000c3300000| Untracked 
|  52|0x00000000c3400000, 0x00000000c3400000, 0x00000000c3500000|  0%| F|  |TAMS 0x00000000c3400000| PB 0x00000000c3400000| Untracked 
|  53|0x00000000c3500000, 0x00000000c3500000, 0x00000000c3600000|  0%| F|  |TAMS 0x00000000c3500000| PB 0x00000000c3500000| Untracked 
|  54|0x00000000c3600000, 0x00000000c3600000, 0x00000000c3700000|  0%| F|  |TAMS 0x00000000c3600000| PB 0x00000000c3600000| Untracked 
|  55|0x00000000c3700000, 0x00000000c3700000, 0x00000000c3800000|  0%| F|  |TAMS 0x00000000c3700000| PB 0x00000000c3700000| Untracked 
|  56|0x00000000c3800000, 0x00000000c3800000, 0x00000000c3900000|  0%| F|  |TAMS 0x00000000c3800000| PB 0x00000000c3800000| Untracked 
|  57|0x00000000c3900000, 0x00000000c3900000, 0x00000000c3a00000|  0%| F|  |TAMS 0x00000000c3900000| PB 0x00000000c3900000| Untracked 
|  58|0x00000000c3a00000, 0x00000000c3a00000, 0x00000000c3b00000|  0%| F|  |TAMS 0x00000000c3a00000| PB 0x00000000c3a00000| Untracked 
|  59|0x00000000c3b00000, 0x00000000c3b00000, 0x00000000c3c00000|  0%| F|  |TAMS 0x00000000c3b00000| PB 0x00000000c3b00000| Untracked 
|  60|0x00000000c3c00000, 0x00000000c3c00000, 0x00000000c3d00000|  0%| F|  |TAMS 0x00000000c3c00000| PB 0x00000000c3c00000| Untracked 
|  61|0x00000000c3d00000, 0x00000000c3d00000, 0x00000000c3e00000|  0%| F|  |TAMS 0x00000000c3d00000| PB 0x00000000c3d00000| Untracked 
|  62|0x00000000c3e00000, 0x00000000c3e00000, 0x00000000c3f00000|  0%| F|  |TAMS 0x00000000c3e00000| PB 0x00000000c3e00000| Untracked 
|  63|0x00000000c3f00000, 0x00000000c3f00000, 0x00000000c4000000|  0%| F|  |TAMS 0x00000000c3f00000| PB 0x00000000c3f00000| Untracked 
|  64|0x00000000c4000000, 0x00000000c4000000, 0x00000000c4100000|  0%| F|  |TAMS 0x00000000c4000000| PB 0x00000000c4000000| Untracked 
|  65|0x00000000c4100000, 0x00000000c4100000, 0x00000000c4200000|  0%| F|  |TAMS 0x00000000c4100000| PB 0x00000000c4100000| Untracked 
|  66|0x00000000c4200000, 0x00000000c4200000, 0x00000000c4300000|  0%| F|  |TAMS 0x00000000c4200000| PB 0x00000000c4200000| Untracked 
|  67|0x00000000c4300000, 0x00000000c4300000, 0x00000000c4400000|  0%| F|  |TAMS 0x00000000c4300000| PB 0x00000000c4300000| Untracked 
|  68|0x00000000c4400000, 0x00000000c4400000, 0x00000000c4500000|  0%| F|  |TAMS 0x00000000c4400000| PB 0x00000000c4400000| Untracked 
|  69|0x00000000c4500000, 0x00000000c4500000, 0x00000000c4600000|  0%| F|  |TAMS 0x00000000c4500000| PB 0x00000000c4500000| Untracked 
|  70|0x00000000c4600000, 0x00000000c4600000, 0x00000000c4700000|  0%| F|  |TAMS 0x00000000c4600000| PB 0x00000000c4600000| Untracked 
|  71|0x00000000c4700000, 0x00000000c4700000, 0x00000000c4800000|  0%| F|  |TAMS 0x00000000c4700000| PB 0x00000000c4700000| Untracked 
|  72|0x00000000c4800000, 0x00000000c4800000, 0x00000000c4900000|  0%| F|  |TAMS 0x00000000c4800000| PB 0x00000000c4800000| Untracked 
|  73|0x00000000c4900000, 0x00000000c4900000, 0x00000000c4a00000|  0%| F|  |TAMS 0x00000000c4900000| PB 0x00000000c4900000| Untracked 
|  74|0x00000000c4a00000, 0x00000000c4a00000, 0x00000000c4b00000|  0%| F|  |TAMS 0x00000000c4a00000| PB 0x00000000c4a00000| Untracked 
|  75|0x00000000c4b00000, 0x00000000c4b00000, 0x00000000c4c00000|  0%| F|  |TAMS 0x00000000c4b00000| PB 0x00000000c4b00000| Untracked 
|  76|0x00000000c4c00000, 0x00000000c4c00000, 0x00000000c4d00000|  0%| F|  |TAMS 0x00000000c4c00000| PB 0x00000000c4c00000| Untracked 
|  77|0x00000000c4d00000, 0x00000000c4d00000, 0x00000000c4e00000|  0%| F|  |TAMS 0x00000000c4d00000| PB 0x00000000c4d00000| Untracked 
|  78|0x00000000c4e00000, 0x00000000c4e00000, 0x00000000c4f00000|  0%| F|  |TAMS 0x00000000c4e00000| PB 0x00000000c4e00000| Untracked 
|  79|0x00000000c4f00000, 0x00000000c4f00000, 0x00000000c5000000|  0%| F|  |TAMS 0x00000000c4f00000| PB 0x00000000c4f00000| Untracked 
|  80|0x00000000c5000000, 0x00000000c5000000, 0x00000000c5100000|  0%| F|  |TAMS 0x00000000c5000000| PB 0x00000000c5000000| Untracked 
|  81|0x00000000c5100000, 0x00000000c5100000, 0x00000000c5200000|  0%| F|  |TAMS 0x00000000c5100000| PB 0x00000000c5100000| Untracked 
|  82|0x00000000c5200000, 0x00000000c5200000, 0x00000000c5300000|  0%| F|  |TAMS 0x00000000c5200000| PB 0x00000000c5200000| Untracked 
|  83|0x00000000c5300000, 0x00000000c5300000, 0x00000000c5400000|  0%| F|  |TAMS 0x00000000c5300000| PB 0x00000000c5300000| Untracked 
|  84|0x00000000c5400000, 0x00000000c5400000, 0x00000000c5500000|  0%| F|  |TAMS 0x00000000c5400000| PB 0x00000000c5400000| Untracked 
|  85|0x00000000c5500000, 0x00000000c5500000, 0x00000000c5600000|  0%| F|  |TAMS 0x00000000c5500000| PB 0x00000000c5500000| Untracked 
|  86|0x00000000c5600000, 0x00000000c5630c80, 0x00000000c5700000| 19%| E|  |TAMS 0x00000000c5600000| PB 0x00000000c5600000| Complete 

Card table byte_map: [0x00000200963b0000,0x00000200965b0000] _byte_map_base: 0x0000020095db0000

Marking Bits: (CMBitMap*) 0x000002008fcd3090
 Bits: [0x00000200965b0000, 0x00000200975b0000)

Polling page: 0x000002008db60000

Metaspace:

Usage:
  Non-class:     28.43 MB used.
      Class:      4.30 MB used.
       Both:     32.73 MB used.

Virtual space:
  Non-class space:       64.00 MB reserved,      29.00 MB ( 45%) committed,  1 nodes.
      Class space:        1.00 GB reserved,       4.62 MB ( <1%) committed,  1 nodes.
             Both:        1.06 GB reserved,      33.62 MB (  3%) committed. 

Chunk freelists:
   Non-Class:  3.10 MB
       Class:  11.51 MB
        Both:  14.61 MB

MaxMetaspaceSize: unlimited
CompressedClassSpaceSize: 1.00 GB
Initial GC threshold: 21.00 MB
Current GC threshold: 56.06 MB
CDS: on
 - commit_granule_bytes: 65536.
 - commit_granule_words: 8192.
 - virtual_space_node_default_size: 8388608.
 - enlarge_chunks_in_place: 1.
 - use_allocation_guard: 0.


Internal statistics:

num_allocs_failed_limit: 3.
num_arena_births: 804.
num_arena_deaths: 314.
num_vsnodes_births: 2.
num_vsnodes_deaths: 0.
num_space_committed: 537.
num_space_uncommitted: 0.
num_chunks_returned_to_freelist: 362.
num_chunks_taken_from_freelist: 2106.
num_chunk_merges: 84.
num_chunk_splits: 1411.
num_chunks_enlarged: 1001.
num_inconsistent_stats: 0.

CodeCache: size=49152Kb used=7097Kb max_used=8919Kb free=42054Kb
 bounds [0x0000020092e80000, 0x0000020093740000, 0x0000020095e80000]
 total_blobs=4367 nmethods=3798 adapters=493
 compilation: enabled
              stopped_count=0, restarted_count=0
 full_count=0

Compilation events (20 events):
Event: 4.779 Thread 0x000002009a235510 nmethod 3844 0x0000020093734610 code [0x00000200937347c0, 0x0000020093734a28]
Event: 4.779 Thread 0x000002009a2cb4f0 nmethod 3843 0x0000020093734b90 code [0x0000020093734d40, 0x0000020093734fb8]
Event: 4.787 Thread 0x000002009a2cb4f0 3845       1       java.lang.Thread::onSpinWait (1 bytes)
Event: 4.788 Thread 0x000002009a2cb4f0 nmethod 3845 0x0000020093735110 code [0x00000200937352a0, 0x0000020093735348]
Event: 5.153 Thread 0x000002009a235510 3846       1       com.google.gson.stream.JsonWriter::beforeName (47 bytes)
Event: 5.154 Thread 0x000002009a235510 nmethod 3846 0x0000020093735410 code [0x0000020093735600, 0x00000200937358f0]
Event: 5.368 Thread 0x000002009a2cb4f0 3848       1       java.net.URI$Parser::checkChars (44 bytes)
Event: 5.369 Thread 0x000002009a2cb4f0 nmethod 3848 0x000002009346f810 code [0x000002009346fa00, 0x000002009346fd80]
Event: 5.369 Thread 0x000002009a2cb4f0 3849       1       reactor.core.publisher.InternalMonoOperator::nextOptimizableSource (5 bytes)
Event: 5.369 Thread 0x000002009a2cb4f0 nmethod 3849 0x000002009346f510 code [0x000002009346f6a0, 0x000002009346f768]
Event: 44.449 Thread 0x000002009a235510 3851       1       java.lang.Character::isLetterOrDigit (19 bytes)
Event: 44.449 Thread 0x000002009a235510 nmethod 3851 0x000002009346ed90 code [0x000002009346ef40, 0x000002009346f060]
Event: 44.469 Thread 0x000002009a235510 3853       1       java.util.logging.Logger::getName (5 bytes)
Event: 44.469 Thread 0x000002009a235510 nmethod 3853 0x000002009346e790 code [0x000002009346e920, 0x000002009346e9e8]
Event: 55.991 Thread 0x000002009a235510 3854       1       java.lang.Character::isLetterOrDigit (5 bytes)
Event: 55.991 Thread 0x000002009a235510 nmethod 3854 0x0000020093083110 code [0x00000200930832c0, 0x00000200930833e0]
Event: 154.245 Thread 0x000002009a235510 3855       1       java.util.concurrent.ThreadPoolExecutor::runStateAtLeast (11 bytes)
Event: 154.252 Thread 0x000002009a235510 nmethod 3855 0x0000020093043010 code [0x00000200930431a0, 0x0000020093043258]
Event: 262.839 Thread 0x000002009a235510 3856       1       java.lang.System::checkKey (34 bytes)
Event: 262.919 Thread 0x000002009a235510 nmethod 3856 0x0000020093072990 code [0x0000020093072b40, 0x0000020093072d58]

GC Heap History (20 events):
Event: 178.217 GC heap after
{Heap after GC invocations=16 (full 10):
 garbage-first heap   total 89088K, used 25846K [0x00000000c0000000, 0x0000000100000000)
  region size 1024K, 0 young (0K), 0 survivors (0K)
 Metaspace       used 33514K, committed 34432K, reserved 1114112K
  class space    used 4398K, committed 4736K, reserved 1048576K
}
Event: 195.835 GC heap before
{Heap before GC invocations=16 (full 10):
 garbage-first heap   total 89088K, used 25846K [0x00000000c0000000, 0x0000000100000000)
  region size 1024K, 1 young (1024K), 0 survivors (0K)
 Metaspace       used 33514K, committed 34432K, reserved 1114112K
  class space    used 4398K, committed 4736K, reserved 1048576K
}
Event: 195.903 GC heap after
{Heap after GC invocations=17 (full 11):
 garbage-first heap   total 89088K, used 25846K [0x00000000c0000000, 0x0000000100000000)
  region size 1024K, 0 young (0K), 0 survivors (0K)
 Metaspace       used 33514K, committed 34432K, reserved 1114112K
  class space    used 4398K, committed 4736K, reserved 1048576K
}
Event: 215.494 GC heap before
{Heap before GC invocations=17 (full 11):
 garbage-first heap   total 89088K, used 25846K [0x00000000c0000000, 0x0000000100000000)
  region size 1024K, 1 young (1024K), 0 survivors (0K)
 Metaspace       used 33514K, committed 34432K, reserved 1114112K
  class space    used 4398K, committed 4736K, reserved 1048576K
}
Event: 215.552 GC heap after
{Heap after GC invocations=18 (full 12):
 garbage-first heap   total 89088K, used 25846K [0x00000000c0000000, 0x0000000100000000)
  region size 1024K, 0 young (0K), 0 survivors (0K)
 Metaspace       used 33514K, committed 34432K, reserved 1114112K
  class space    used 4398K, committed 4736K, reserved 1048576K
}
Event: 232.134 GC heap before
{Heap before GC invocations=18 (full 12):
 garbage-first heap   total 89088K, used 25846K [0x00000000c0000000, 0x0000000100000000)
  region size 1024K, 1 young (1024K), 0 survivors (0K)
 Metaspace       used 33514K, committed 34432K, reserved 1114112K
  class space    used 4398K, committed 4736K, reserved 1048576K
}
Event: 232.183 GC heap after
{Heap after GC invocations=19 (full 13):
 garbage-first heap   total 89088K, used 25846K [0x00000000c0000000, 0x0000000100000000)
  region size 1024K, 0 young (0K), 0 survivors (0K)
 Metaspace       used 33514K, committed 34432K, reserved 1114112K
  class space    used 4398K, committed 4736K, reserved 1048576K
}
Event: 250.492 GC heap before
{Heap before GC invocations=19 (full 13):
 garbage-first heap   total 89088K, used 25846K [0x00000000c0000000, 0x0000000100000000)
  region size 1024K, 1 young (1024K), 0 survivors (0K)
 Metaspace       used 33514K, committed 34432K, reserved 1114112K
  class space    used 4398K, committed 4736K, reserved 1048576K
}
Event: 250.546 GC heap after
{Heap after GC invocations=20 (full 14):
 garbage-first heap   total 89088K, used 25846K [0x00000000c0000000, 0x0000000100000000)
  region size 1024K, 0 young (0K), 0 survivors (0K)
 Metaspace       used 33514K, committed 34432K, reserved 1114112K
  class space    used 4398K, committed 4736K, reserved 1048576K
}
Event: 262.848 GC heap before
{Heap before GC invocations=20 (full 14):
 garbage-first heap   total 89088K, used 25846K [0x00000000c0000000, 0x0000000100000000)
  region size 1024K, 1 young (1024K), 0 survivors (0K)
 Metaspace       used 33514K, committed 34432K, reserved 1114112K
  class space    used 4398K, committed 4736K, reserved 1048576K
}
Event: 262.902 GC heap after
{Heap after GC invocations=21 (full 15):
 garbage-first heap   total 89088K, used 25846K [0x00000000c0000000, 0x0000000100000000)
  region size 1024K, 0 young (0K), 0 survivors (0K)
 Metaspace       used 33514K, committed 34432K, reserved 1114112K
  class space    used 4398K, committed 4736K, reserved 1048576K
}
Event: 274.577 GC heap before
{Heap before GC invocations=21 (full 15):
 garbage-first heap   total 89088K, used 25846K [0x00000000c0000000, 0x0000000100000000)
  region size 1024K, 1 young (1024K), 0 survivors (0K)
 Metaspace       used 33514K, committed 34432K, reserved 1114112K
  class space    used 4398K, committed 4736K, reserved 1048576K
}
Event: 274.684 GC heap after
{Heap after GC invocations=22 (full 16):
 garbage-first heap   total 89088K, used 25846K [0x00000000c0000000, 0x0000000100000000)
  region size 1024K, 0 young (0K), 0 survivors (0K)
 Metaspace       used 33514K, committed 34432K, reserved 1114112K
  class space    used 4398K, committed 4736K, reserved 1048576K
}
Event: 286.641 GC heap before
{Heap before GC invocations=22 (full 16):
 garbage-first heap   total 89088K, used 25846K [0x00000000c0000000, 0x0000000100000000)
  region size 1024K, 1 young (1024K), 0 survivors (0K)
 Metaspace       used 33514K, committed 34432K, reserved 1114112K
  class space    used 4398K, committed 4736K, reserved 1048576K
}
Event: 286.716 GC heap after
{Heap after GC invocations=23 (full 17):
 garbage-first heap   total 89088K, used 25846K [0x00000000c0000000, 0x0000000100000000)
  region size 1024K, 0 young (0K), 0 survivors (0K)
 Metaspace       used 33514K, committed 34432K, reserved 1114112K
  class space    used 4398K, committed 4736K, reserved 1048576K
}
Event: 298.703 GC heap before
{Heap before GC invocations=23 (full 17):
 garbage-first heap   total 89088K, used 25846K [0x00000000c0000000, 0x0000000100000000)
  region size 1024K, 1 young (1024K), 0 survivors (0K)
 Metaspace       used 33514K, committed 34432K, reserved 1114112K
  class space    used 4398K, committed 4736K, reserved 1048576K
}
Event: 298.781 GC heap after
{Heap after GC invocations=24 (full 18):
 garbage-first heap   total 89088K, used 25846K [0x00000000c0000000, 0x0000000100000000)
  region size 1024K, 0 young (0K), 0 survivors (0K)
 Metaspace       used 33514K, committed 34432K, reserved 1114112K
  class space    used 4398K, committed 4736K, reserved 1048576K
}
Event: 311.159 GC heap before
{Heap before GC invocations=24 (full 18):
 garbage-first heap   total 89088K, used 25846K [0x00000000c0000000, 0x0000000100000000)
  region size 1024K, 1 young (1024K), 0 survivors (0K)
 Metaspace       used 33514K, committed 34432K, reserved 1114112K
  class space    used 4398K, committed 4736K, reserved 1048576K
}
Event: 311.198 GC heap after
{Heap after GC invocations=25 (full 19):
 garbage-first heap   total 89088K, used 25846K [0x00000000c0000000, 0x0000000100000000)
  region size 1024K, 0 young (0K), 0 survivors (0K)
 Metaspace       used 33514K, committed 34432K, reserved 1114112K
  class space    used 4398K, committed 4736K, reserved 1048576K
}
Event: 321.270 GC heap before
{Heap before GC invocations=25 (full 19):
 garbage-first heap   total 89088K, used 25846K [0x00000000c0000000, 0x0000000100000000)
  region size 1024K, 1 young (1024K), 0 survivors (0K)
 Metaspace       used 33514K, committed 34432K, reserved 1114112K
  class space    used 4398K, committed 4736K, reserved 1048576K
}

Dll operation events (9 events):
Event: 0.029 Loaded shared library c:\Users\91952\.vscode\extensions\redhat.java-1.40.0-win32-x64\jre\21.0.6-win32-x86_64\bin\java.dll
Event: 0.433 Loaded shared library c:\Users\91952\.vscode\extensions\redhat.java-1.40.0-win32-x64\jre\21.0.6-win32-x86_64\bin\zip.dll
Event: 0.451 Loaded shared library C:\Users\91952\.vscode\extensions\redhat.java-1.40.0-win32-x64\jre\21.0.6-win32-x86_64\bin\net.dll
Event: 0.454 Loaded shared library C:\Users\91952\.vscode\extensions\redhat.java-1.40.0-win32-x64\jre\21.0.6-win32-x86_64\bin\nio.dll
Event: 0.458 Loaded shared library C:\Users\91952\.vscode\extensions\redhat.java-1.40.0-win32-x64\jre\21.0.6-win32-x86_64\bin\zip.dll
Event: 0.873 Loaded shared library C:\Users\91952\.vscode\extensions\redhat.java-1.40.0-win32-x64\jre\21.0.6-win32-x86_64\bin\jimage.dll
Event: 2.405 Loaded shared library c:\Users\91952\.vscode\extensions\redhat.java-1.40.0-win32-x64\jre\21.0.6-win32-x86_64\bin\verify.dll
Event: 4.441 Loaded shared library C:\Users\91952\.vscode\extensions\redhat.java-1.40.0-win32-x64\jre\21.0.6-win32-x86_64\bin\management.dll
Event: 4.444 Loaded shared library C:\Users\91952\.vscode\extensions\redhat.java-1.40.0-win32-x64\jre\21.0.6-win32-x86_64\bin\management_ext.dll

Deoptimization events (0 events):
No events

Classes loaded (20 events):
Event: 4.773 Loading class java/util/concurrent/CompletableFuture$UniRelay
Event: 4.773 Loading class java/util/concurrent/CompletableFuture$UniRelay done
Event: 5.365 Loading class java/util/concurrent/atomic/AtomicLongFieldUpdater
Event: 5.365 Loading class java/util/concurrent/atomic/AtomicLongFieldUpdater done
Event: 5.365 Loading class java/util/concurrent/atomic/AtomicLongFieldUpdater$CASUpdater
Event: 5.365 Loading class java/util/concurrent/atomic/AtomicLongFieldUpdater$CASUpdater done
Event: 5.365 Loading class java/util/concurrent/atomic/AtomicLongFieldUpdater$CASUpdater$1
Event: 5.365 Loading class java/util/concurrent/atomic/AtomicLongFieldUpdater$CASUpdater$1 done
Event: 44.448 Loading class java/lang/ProcessBuilder
Event: 44.448 Loading class java/lang/ProcessBuilder done
Event: 44.449 Loading class java/lang/ProcessImpl
Event: 44.449 Loading class java/lang/ProcessImpl done
Event: 44.468 Loading class java/lang/ProcessImpl$2
Event: 44.468 Loading class java/lang/ProcessImpl$2 done
Event: 44.468 Loading class java/lang/Process$PipeInputStream
Event: 44.468 Loading class java/lang/Process$PipeInputStream done
Event: 44.469 Loading class jdk/internal/event/ProcessStartEvent
Event: 44.469 Loading class jdk/internal/event/ProcessStartEvent done
Event: 45.941 Loading class java/io/FileOutputStream$1
Event: 45.941 Loading class java/io/FileOutputStream$1 done

Classes unloaded (20 events):
Event: 96.024 Thread 0x000002009a215930 Unloading class 0x000002009c134800 'java/lang/invoke/LambdaForm$MH+0x000002009c134800'
Event: 96.024 Thread 0x000002009a215930 Unloading class 0x000002009c134400 'java/lang/invoke/LambdaForm$MH+0x000002009c134400'
Event: 96.024 Thread 0x000002009a215930 Unloading class 0x000002009c134000 'java/lang/invoke/LambdaForm$MH+0x000002009c134000'
Event: 96.024 Thread 0x000002009a215930 Unloading class 0x000002009c12c800 'java/lang/invoke/LambdaForm$MH+0x000002009c12c800'
Event: 96.024 Thread 0x000002009a215930 Unloading class 0x000002009c11d800 'java/lang/invoke/LambdaForm$MH+0x000002009c11d800'
Event: 96.024 Thread 0x000002009a215930 Unloading class 0x000002009c11d400 'java/lang/invoke/LambdaForm$MH+0x000002009c11d400'
Event: 96.024 Thread 0x000002009a215930 Unloading class 0x000002009c0d8c00 'java/lang/invoke/LambdaForm$MH+0x000002009c0d8c00'
Event: 96.024 Thread 0x000002009a215930 Unloading class 0x000002009c0a4000 'java/lang/invoke/LambdaForm$MH+0x000002009c0a4000'
Event: 96.024 Thread 0x000002009a215930 Unloading class 0x000002009c01a800 'java/lang/invoke/LambdaForm$MH+0x000002009c01a800'
Event: 96.024 Thread 0x000002009a215930 Unloading class 0x000002009c019c00 'java/lang/invoke/LambdaForm$MH+0x000002009c019c00'
Event: 96.024 Thread 0x000002009a215930 Unloading class 0x000002009c019800 'java/lang/invoke/LambdaForm$MH+0x000002009c019800'
Event: 96.024 Thread 0x000002009a215930 Unloading class 0x000002009c019400 'java/lang/invoke/LambdaForm$MH+0x000002009c019400'
Event: 96.024 Thread 0x000002009a215930 Unloading class 0x000002009c018c00 'java/lang/invoke/LambdaForm$MH+0x000002009c018c00'
Event: 96.024 Thread 0x000002009a215930 Unloading class 0x000002009c018400 'java/lang/invoke/LambdaForm$MH+0x000002009c018400'
Event: 96.024 Thread 0x000002009a215930 Unloading class 0x000002009c017c00 'java/lang/invoke/LambdaForm$MH+0x000002009c017c00'
Event: 96.024 Thread 0x000002009a215930 Unloading class 0x000002009c017400 'java/lang/invoke/LambdaForm$MH+0x000002009c017400'
Event: 96.024 Thread 0x000002009a215930 Unloading class 0x000002009c016c00 'java/lang/invoke/LambdaForm$MH+0x000002009c016c00'
Event: 96.024 Thread 0x000002009a215930 Unloading class 0x000002009c016800 'java/lang/invoke/LambdaForm$MH+0x000002009c016800'
Event: 96.024 Thread 0x000002009a215930 Unloading class 0x000002009c014000 'java/lang/invoke/LambdaForm$MH+0x000002009c014000'
Event: 96.024 Thread 0x000002009a215930 Unloading class 0x000002009c010400 'java/lang/invoke/LambdaForm$MH+0x000002009c010400'

Classes redefined (0 events):
No events

Internal exceptions (20 events):
Event: 4.434 Thread 0x000002008d9f5bc0 Exception <a 'java/lang/NoSuchMethodError'{0x00000000c75fb6c0}: 'java.lang.Object java.lang.invoke.DirectMethodHandle$Holder.newInvokeSpecial(java.lang.Object, java.lang.Object, int, java.lang.Object, java.lang.Object)'> (0x00000000c75fb6c0) 
thrown [s\src\hotspot\share\interpreter\linkResolver.cpp, line 773]
Event: 4.436 Thread 0x000002008d9f5bc0 Exception <a 'java/lang/NoSuchMethodError'{0x00000000c5711370}: 'java.lang.Object java.lang.invoke.DirectMethodHandle$Holder.newInvokeSpecial(java.lang.Object, java.lang.Object, java.lang.Object, int)'> (0x00000000c5711370) 
thrown [s\src\hotspot\share\interpreter\linkResolver.cpp, line 773]
Event: 4.436 Thread 0x000002008d9f5bc0 Exception <a 'java/lang/NoSuchMethodError'{0x00000000c57152c0}: 'java.lang.Object java.lang.invoke.DirectMethodHandle$Holder.invokeSpecial(java.lang.Object, java.lang.Object, java.lang.Object, java.lang.Object, int)'> (0x00000000c57152c0) 
thrown [s\src\hotspot\share\interpreter\linkResolver.cpp, line 773]
Event: 4.436 Thread 0x000002008d9f5bc0 Exception <a 'java/lang/NoSuchMethodError'{0x00000000c5718768}: 'java.lang.Object java.lang.invoke.Invokers$Holder.linkToTargetMethod(java.lang.Object, java.lang.Object, int, java.lang.Object)'> (0x00000000c5718768) 
thrown [s\src\hotspot\share\interpreter\linkResolver.cpp, line 773]
Event: 4.531 Thread 0x000002009a1fcb90 Exception <a 'java/lang/IncompatibleClassChangeError'{0x00000000c53a1ed8}: Found class java.lang.Object, but interface was expected> (0x00000000c53a1ed8) 
thrown [s\src\hotspot\share\interpreter\linkResolver.cpp, line 840]
Event: 4.570 Thread 0x00000200e1486620 Exception <a 'java/lang/NoSuchMethodError'{0x00000000c51a1668}: 'void java.lang.invoke.DirectMethodHandle$Holder.invokeSpecial(java.lang.Object, java.lang.Object, java.lang.Object, int)'> (0x00000000c51a1668) 
thrown [s\src\hotspot\share\interpreter\linkResolver.cpp, line 773]
Event: 4.570 Thread 0x00000200e1486620 Exception <a 'java/lang/NoSuchMethodError'{0x00000000c51a4d48}: 'void java.lang.invoke.DelegatingMethodHandle$Holder.reinvoke_L(java.lang.Object, java.lang.Object, int)'> (0x00000000c51a4d48) 
thrown [s\src\hotspot\share\interpreter\linkResolver.cpp, line 773]
Event: 4.571 Thread 0x00000200e1486620 Exception <a 'java/lang/NoSuchMethodError'{0x00000000c51ab780}: 'int java.lang.invoke.Invokers$Holder.invokeExact_MT(java.lang.Object, java.lang.Object, java.lang.Object)'> (0x00000000c51ab780) 
thrown [s\src\hotspot\share\interpreter\linkResolver.cpp, line 773]
Event: 4.634 Thread 0x00000200e1486620 Exception <a 'java/lang/NoSuchMethodError'{0x00000000c4a93800}: 'void java.lang.invoke.Invokers$Holder.invokeExact_MT(java.lang.Object, java.lang.Object, int, java.lang.Object)'> (0x00000000c4a93800) 
thrown [s\src\hotspot\share\interpreter\linkResolver.cpp, line 773]
Event: 4.702 Thread 0x00000200e1486620 Exception <a 'java/lang/IncompatibleClassChangeError'{0x00000000c4719450}: Found class java.lang.Object, but interface was expected> (0x00000000c4719450) 
thrown [s\src\hotspot\share\interpreter\linkResolver.cpp, line 840]
Event: 4.716 Thread 0x00000200e14c2030 Exception <a 'java/lang/NoSuchMethodError'{0x00000000c477d980}: 'java.lang.Object java.lang.invoke.DirectMethodHandle$Holder.invokeStatic(java.lang.Object, int, java.lang.Object)'> (0x00000000c477d980) 
thrown [s\src\hotspot\share\interpreter\linkResolver.cpp, line 773]
Event: 4.722 Thread 0x00000200e1486620 Exception <a 'java/lang/NoSuchMethodError'{0x00000000c47adc00}: 'java.lang.Object java.lang.invoke.DirectMethodHandle$Holder.invokeStatic(java.lang.Object, java.lang.Object, java.lang.Object, int, java.lang.Object, java.lang.Object)'> (0x00000000c47adc00) 
thrown [s\src\hotspot\share\interpreter\linkResolver.cpp, line 773]
Event: 4.762 Thread 0x00000200e1486620 Exception <a 'java/lang/IncompatibleClassChangeError'{0x00000000c434ea08}: Found class java.lang.Object, but interface was expected> (0x00000000c434ea08) 
thrown [s\src\hotspot\share\interpreter\linkResolver.cpp, line 840]
Event: 4.769 Thread 0x00000200e1486620 Exception <a 'java/lang/IncompatibleClassChangeError'{0x00000000c43cef90}: Found class java.lang.Object, but interface was expected> (0x00000000c43cef90) 
thrown [s\src\hotspot\share\interpreter\linkResolver.cpp, line 840]
Event: 4.774 Thread 0x00000200e1486620 Exception <a 'java/lang/IncompatibleClassChangeError'{0x00000000c43dbe68}: Found class java.lang.Object, but interface was expected> (0x00000000c43dbe68) 
thrown [s\src\hotspot\share\interpreter\linkResolver.cpp, line 840]
Event: 4.784 Thread 0x00000200e1486620 Exception <a 'java/lang/IncompatibleClassChangeError'{0x00000000c43e5cb8}: Found class java.lang.Object, but interface was expected> (0x00000000c43e5cb8) 
thrown [s\src\hotspot\share\interpreter\linkResolver.cpp, line 840]
Event: 5.151 Thread 0x00000200e1486620 Exception <a 'java/lang/IncompatibleClassChangeError'{0x00000000c4155700}: Found class java.lang.Object, but interface was expected> (0x00000000c4155700) 
thrown [s\src\hotspot\share\interpreter\linkResolver.cpp, line 840]
Event: 5.361 Thread 0x00000200e152d770 Exception <a 'java/lang/NoSuchMethodError'{0x00000000c3d0f3b8}: 'int java.lang.invoke.DirectMethodHandle$Holder.invokeStatic(java.lang.Object)'> (0x00000000c3d0f3b8) 
thrown [s\src\hotspot\share\interpreter\linkResolver.cpp, line 773]
Event: 5.361 Thread 0x00000200e152d770 Exception <a 'java/lang/NoSuchMethodError'{0x00000000c3d12550}: 'int java.lang.invoke.DirectMethodHandle$Holder.invokeStaticInit(java.lang.Object)'> (0x00000000c3d12550) 
thrown [s\src\hotspot\share\interpreter\linkResolver.cpp, line 773]
Event: 44.467 Thread 0x00000200e0f34630 Exception <a 'java/lang/NoSuchMethodError'{0x00000000c7502338}: 'void java.lang.invoke.DirectMethodHandle$Holder.invokeStatic(java.lang.Object, long)'> (0x00000000c7502338) 
thrown [s\src\hotspot\share\interpreter\linkResolver.cpp, line 773]

ZGC Phase Switch (0 events):
No events

VM Operations (20 events):
Event: 178.217 Executing VM operation: G1CollectFull (System.gc()) done
Event: 195.827 Executing VM operation: G1CollectFull (System.gc())
Event: 195.903 Executing VM operation: G1CollectFull (System.gc()) done
Event: 215.493 Executing VM operation: G1CollectFull (System.gc())
Event: 215.552 Executing VM operation: G1CollectFull (System.gc()) done
Event: 232.134 Executing VM operation: G1CollectFull (System.gc())
Event: 232.183 Executing VM operation: G1CollectFull (System.gc()) done
Event: 250.492 Executing VM operation: G1CollectFull (System.gc())
Event: 250.546 Executing VM operation: G1CollectFull (System.gc()) done
Event: 262.837 Executing VM operation: G1CollectFull (System.gc())
Event: 262.902 Executing VM operation: G1CollectFull (System.gc()) done
Event: 274.577 Executing VM operation: G1CollectFull (System.gc())
Event: 274.684 Executing VM operation: G1CollectFull (System.gc()) done
Event: 286.641 Executing VM operation: G1CollectFull (System.gc())
Event: 286.716 Executing VM operation: G1CollectFull (System.gc()) done
Event: 298.703 Executing VM operation: G1CollectFull (System.gc())
Event: 298.781 Executing VM operation: G1CollectFull (System.gc()) done
Event: 311.159 Executing VM operation: G1CollectFull (System.gc())
Event: 311.198 Executing VM operation: G1CollectFull (System.gc()) done
Event: 321.270 Executing VM operation: G1CollectFull (System.gc())

Memory protections (0 events):
No events

Nmethod flushes (20 events):
Event: 45.969 Thread 0x000002009a215930 flushing  nmethod 0x0000020093379190
Event: 45.969 Thread 0x000002009a215930 flushing  nmethod 0x000002009349d710
Event: 57.991 Thread 0x000002009a215930 flushing  nmethod 0x00000200931f8590
Event: 57.991 Thread 0x000002009a215930 flushing  nmethod 0x000002009322f710
Event: 57.991 Thread 0x000002009a215930 flushing  nmethod 0x0000020093545610
Event: 57.991 Thread 0x000002009a215930 flushing  nmethod 0x0000020093661790
Event: 57.991 Thread 0x000002009a215930 flushing  nmethod 0x000002009372df10
Event: 57.991 Thread 0x000002009a215930 flushing  nmethod 0x000002009317f010
Event: 57.991 Thread 0x000002009a215930 flushing  nmethod 0x00000200931ebd10
Event: 57.991 Thread 0x000002009a215930 flushing  nmethod 0x00000200931ec210
Event: 57.991 Thread 0x000002009a215930 flushing  nmethod 0x00000200931f9810
Event: 57.991 Thread 0x000002009a215930 flushing  nmethod 0x0000020093394e10
Event: 57.991 Thread 0x000002009a215930 flushing  nmethod 0x00000200934f7f10
Event: 57.991 Thread 0x000002009a215930 flushing  nmethod 0x0000020093535e10
Event: 57.991 Thread 0x000002009a215930 flushing  nmethod 0x0000020093553a10
Event: 57.991 Thread 0x000002009a215930 flushing  nmethod 0x000002009357a290
Event: 57.991 Thread 0x000002009a215930 flushing  nmethod 0x000002009365bd90
Event: 57.991 Thread 0x000002009a215930 flushing  nmethod 0x0000020093678c90
Event: 57.991 Thread 0x000002009a215930 flushing  nmethod 0x0000020093679110
Event: 57.991 Thread 0x000002009a215930 flushing  nmethod 0x0000020093699d90

Events (20 events):
Event: 4.753 Thread 0x00000200e1486620 Thread added: 0x00000200e0f804f0
Event: 4.754 Thread 0x00000200e1486620 Thread added: 0x00000200e0f7e420
Event: 4.759 Thread 0x00000200e1486620 Thread added: 0x00000200e0f7dd90
Event: 4.764 Thread 0x00000200e1486620 Thread added: 0x00000200e0f7d700
Event: 4.764 Thread 0x00000200e14c2030 Thread added: 0x00000200e0f7eab0
Event: 4.767 Thread 0x00000200e14c2030 Thread added: 0x00000200e0f7f140
Event: 4.768 Thread 0x00000200e14c2030 Thread added: 0x00000200e152fed0
Event: 4.768 Thread 0x00000200e14c2030 Thread added: 0x00000200e152ca50
Event: 4.769 Thread 0x00000200e14c2030 Thread added: 0x00000200e1529c60
Event: 4.771 Thread 0x00000200e1486620 Thread added: 0x00000200e152d0e0
Event: 4.774 Thread 0x00000200e1486620 Thread added: 0x00000200e152de00
Event: 4.776 Thread 0x00000200e152d0e0 Thread added: 0x00000200e15295d0
Event: 5.268 Thread 0x00000200e0f7f140 Thread added: 0x00000200e152d770
Event: 5.368 Thread 0x00000200e03f08c0 Thread exited: 0x00000200e03f08c0
Event: 5.369 Thread 0x00000200e026ce30 Thread exited: 0x00000200e026ce30
Event: 10.373 Thread 0x000002009a2cb4f0 Thread exited: 0x000002009a2cb4f0
Event: 64.780 Thread 0x00000200e152de00 Thread exited: 0x00000200e152de00
Event: 64.780 Thread 0x00000200e0f7d700 Thread exited: 0x00000200e0f7d700
Event: 64.786 Thread 0x00000200e152d0e0 Thread exited: 0x00000200e152d0e0
Event: 65.163 Thread 0x00000200e15295d0 Thread exited: 0x00000200e15295d0


Dynamic libraries:
0x00007ff63eab0000 - 0x00007ff63eabe000 	c:\Users\91952\.vscode\extensions\redhat.java-1.40.0-win32-x64\jre\21.0.6-win32-x86_64\bin\java.exe
0x00007ffd481d0000 - 0x00007ffd483e7000 	C:\WINDOWS\SYSTEM32\ntdll.dll
0x00007ffd472a0000 - 0x00007ffd47364000 	C:\WINDOWS\System32\KERNEL32.DLL
0x00007ffd458c0000 - 0x00007ffd45c79000 	C:\WINDOWS\System32\KERNELBASE.dll
0x00007ffd45d20000 - 0x00007ffd45e31000 	C:\WINDOWS\System32\ucrtbase.dll
0x00007ffd22a30000 - 0x00007ffd22a48000 	c:\Users\91952\.vscode\extensions\redhat.java-1.40.0-win32-x64\jre\21.0.6-win32-x86_64\bin\jli.dll
0x00007ffd45ef0000 - 0x00007ffd4609e000 	C:\WINDOWS\System32\USER32.dll
0x00007ffd454d0000 - 0x00007ffd454f6000 	C:\WINDOWS\System32\win32u.dll
0x00007ffd47c70000 - 0x00007ffd47c99000 	C:\WINDOWS\System32\GDI32.dll
0x00007ffd457a0000 - 0x00007ffd458bb000 	C:\WINDOWS\System32\gdi32full.dll
0x00007ffd45c80000 - 0x00007ffd45d1a000 	C:\WINDOWS\System32\msvcp_win.dll
0x00007ffd257b0000 - 0x00007ffd257ce000 	c:\Users\91952\.vscode\extensions\redhat.java-1.40.0-win32-x64\jre\21.0.6-win32-x86_64\bin\VCRUNTIME140.dll
0x00007ffd30340000 - 0x00007ffd305d2000 	C:\WINDOWS\WinSxS\amd64_microsoft.windows.common-controls_6595b64144ccf1df_6.0.22621.4391_none_2715d37f73803e96\COMCTL32.dll
0x00007ffd46df0000 - 0x00007ffd46e97000 	C:\WINDOWS\System32\msvcrt.dll
0x00007ffd475d0000 - 0x00007ffd47601000 	C:\WINDOWS\System32\IMM32.DLL
0x00007ffd2d470000 - 0x00007ffd2d47c000 	c:\Users\91952\.vscode\extensions\redhat.java-1.40.0-win32-x64\jre\21.0.6-win32-x86_64\bin\vcruntime140_1.dll
0x00007ffd12730000 - 0x00007ffd127bd000 	c:\Users\91952\.vscode\extensions\redhat.java-1.40.0-win32-x64\jre\21.0.6-win32-x86_64\bin\msvcp140.dll
0x00007ffceb280000 - 0x00007ffcec010000 	c:\Users\91952\.vscode\extensions\redhat.java-1.40.0-win32-x64\jre\21.0.6-win32-x86_64\bin\server\jvm.dll
0x00007ffd46130000 - 0x00007ffd461e2000 	C:\WINDOWS\System32\ADVAPI32.dll
0x00007ffd47470000 - 0x00007ffd47517000 	C:\WINDOWS\System32\sechost.dll
0x00007ffd45e40000 - 0x00007ffd45e68000 	C:\WINDOWS\System32\bcrypt.dll
0x00007ffd46ea0000 - 0x00007ffd46fb4000 	C:\WINDOWS\System32\RPCRT4.dll
0x00007ffd47370000 - 0x00007ffd473e1000 	C:\WINDOWS\System32\WS2_32.dll
0x00007ffd453a0000 - 0x00007ffd453ed000 	C:\WINDOWS\SYSTEM32\POWRPROF.dll
0x00007ffd41750000 - 0x00007ffd41784000 	C:\WINDOWS\SYSTEM32\WINMM.dll
0x00007ffd41620000 - 0x00007ffd4162a000 	C:\WINDOWS\SYSTEM32\VERSION.dll
0x00007ffd45380000 - 0x00007ffd45393000 	C:\WINDOWS\SYSTEM32\UMPDC.dll
0x00007ffd44430000 - 0x00007ffd44448000 	C:\WINDOWS\SYSTEM32\kernel.appcore.dll
0x00007ffd2b5e0000 - 0x00007ffd2b5ea000 	c:\Users\91952\.vscode\extensions\redhat.java-1.40.0-win32-x64\jre\21.0.6-win32-x86_64\bin\jimage.dll
0x00007ffd3e120000 - 0x00007ffd3e352000 	C:\WINDOWS\SYSTEM32\DBGHELP.DLL
0x00007ffd47e00000 - 0x00007ffd4818f000 	C:\WINDOWS\System32\combase.dll
0x00007ffd46440000 - 0x00007ffd46517000 	C:\WINDOWS\System32\OLEAUT32.dll
0x00007ffd2a490000 - 0x00007ffd2a4c2000 	C:\WINDOWS\SYSTEM32\dbgcore.DLL
0x00007ffd45e70000 - 0x00007ffd45eeb000 	C:\WINDOWS\System32\bcryptPrimitives.dll
0x00007ffd13f80000 - 0x00007ffd13f9f000 	c:\Users\91952\.vscode\extensions\redhat.java-1.40.0-win32-x64\jre\21.0.6-win32-x86_64\bin\java.dll
0x00007ffd46570000 - 0x00007ffd46de6000 	C:\WINDOWS\System32\SHELL32.dll
0x00007ffd433c0000 - 0x00007ffd43cc3000 	C:\WINDOWS\SYSTEM32\windows.storage.dll
0x00007ffd43280000 - 0x00007ffd433bf000 	C:\WINDOWS\SYSTEM32\wintypes.dll
0x00007ffd47670000 - 0x00007ffd47769000 	C:\WINDOWS\System32\SHCORE.dll
0x00007ffd460d0000 - 0x00007ffd4612e000 	C:\WINDOWS\System32\shlwapi.dll
0x00007ffd45400000 - 0x00007ffd4542b000 	C:\WINDOWS\SYSTEM32\profapi.dll
0x00007ffd1a550000 - 0x00007ffd1a568000 	c:\Users\91952\.vscode\extensions\redhat.java-1.40.0-win32-x64\jre\21.0.6-win32-x86_64\bin\zip.dll
0x00007ffd29ac0000 - 0x00007ffd29ad0000 	C:\Users\91952\.vscode\extensions\redhat.java-1.40.0-win32-x64\jre\21.0.6-win32-x86_64\bin\net.dll
0x00007ffd40cc0000 - 0x00007ffd40df6000 	C:\WINDOWS\SYSTEM32\WINHTTP.dll
0x00007ffd44940000 - 0x00007ffd449a9000 	C:\WINDOWS\system32\mswsock.dll
0x00007ffd11e60000 - 0x00007ffd11e76000 	C:\Users\91952\.vscode\extensions\redhat.java-1.40.0-win32-x64\jre\21.0.6-win32-x86_64\bin\nio.dll
0x00007ffd25940000 - 0x00007ffd25950000 	c:\Users\91952\.vscode\extensions\redhat.java-1.40.0-win32-x64\jre\21.0.6-win32-x86_64\bin\verify.dll
0x00007ffd44be0000 - 0x00007ffd44bfb000 	C:\WINDOWS\SYSTEM32\CRYPTSP.dll
0x00007ffd44450000 - 0x00007ffd44485000 	C:\WINDOWS\system32\rsaenh.dll
0x00007ffd449e0000 - 0x00007ffd44a08000 	C:\WINDOWS\SYSTEM32\USERENV.dll
0x00007ffd44b40000 - 0x00007ffd44b4c000 	C:\WINDOWS\SYSTEM32\CRYPTBASE.dll
0x00007ffd43f20000 - 0x00007ffd43f4d000 	C:\WINDOWS\SYSTEM32\IPHLPAPI.DLL
0x00007ffd47190000 - 0x00007ffd47199000 	C:\WINDOWS\System32\NSI.dll
0x00007ffd41050000 - 0x00007ffd4105a000 	C:\Users\91952\.vscode\extensions\redhat.java-1.40.0-win32-x64\jre\21.0.6-win32-x86_64\bin\management.dll
0x00007ffd2d300000 - 0x00007ffd2d30b000 	C:\Users\91952\.vscode\extensions\redhat.java-1.40.0-win32-x64\jre\21.0.6-win32-x86_64\bin\management_ext.dll
0x00007ffd473f0000 - 0x00007ffd473f8000 	C:\WINDOWS\System32\PSAPI.DLL

dbghelp: loaded successfully - version: 4.0.5 - missing functions: none
symbol engine: initialized successfully - sym options: 0x614 - pdb path: .;c:\Users\91952\.vscode\extensions\redhat.java-1.40.0-win32-x64\jre\21.0.6-win32-x86_64\bin;C:\WINDOWS\SYSTEM32;C:\WINDOWS\WinSxS\amd64_microsoft.windows.common-controls_6595b64144ccf1df_6.0.22621.4391_none_2715d37f73803e96;c:\Users\91952\.vscode\extensions\redhat.java-1.40.0-win32-x64\jre\21.0.6-win32-x86_64\bin\server

VM Arguments:
jvm_args: -Xmx1024m -Dsts.lsp.client=vscode -Dsts.log.file=/dev/null -XX:TieredStopAtLevel=1 -Xlog:jni+resolve=off -Dspring.config.location=file:c:\Users\91952\.vscode\extensions\vmware.vscode-spring-boot-1.56.0\language-server\BOOT-INF\classes\application.properties 
java_command: org.springframework.ide.vscode.boot.app.BootLanguageServerBootApp
java_class_path (initial): c:\Users\91952\.vscode\extensions\vmware.vscode-spring-boot-1.56.0\language-server\BOOT-INF\classes;c:\Users\91952\.vscode\extensions\vmware.vscode-spring-boot-1.56.0\language-server\BOOT-INF\lib\annotations-24.1.0.jar;c:\Users\91952\.vscode\extensions\vmware.vscode-spring-boot-1.56.0\language-server\BOOT-INF\lib\antlr4-runtime-4.13.1.jar;c:\Users\91952\.vscode\extensions\vmware.vscode-spring-boot-1.56.0\language-server\BOOT-INF\lib\asm-9.7.jar;c:\Users\91952\.vscode\extensions\vmware.vscode-spring-boot-1.56.0\language-server\BOOT-INF\lib\asm-analysis-9.7.jar;c:\Users\91952\.vscode\extensions\vmware.vscode-spring-boot-1.56.0\language-server\BOOT-INF\lib\asm-tree-9.7.jar;c:\Users\91952\.vscode\extensions\vmware.vscode-spring-boot-1.56.0\language-server\BOOT-INF\lib\asm-util-9.7.jar;c:\Users\91952\.vscode\extensions\vmware.vscode-spring-boot-1.56.0\language-server\BOOT-INF\lib\caffeine-3.1.8.jar;c:\Users\91952\.vscode\extensions\vmware.vscode-spring-boot-1.56.0\language-server\BOOT-INF\lib\checker-qual-3.12.0.jar;c:\Users\91952\.vscode\extensions\vmware.vscode-spring-boot-1.56.0\language-server\BOOT-INF\lib\classgraph-4.8.149.jar;c:\Users\91952\.vscode\extensions\vmware.vscode-spring-boot-1.56.0\language-server\BOOT-INF\lib\commons-codec-1.16.1.jar;c:\Users\91952\.vscode\extensions\vmware.vscode-spring-boot-1.56.0\language-server\BOOT-INF\lib\commons-compress-1.26.2.jar;c:\Users\91952\.vscode\extensions\vmware.vscode-spring-boot-1.56.0\language-server\BOOT-INF\lib\commons-io-2.16.1.jar;c:\Users\91952\.vscode\extensions\vmware.vscode-spring-boot-1.56.0\language-server\BOOT-INF\lib\commons-java-1.56.0-SNAPSHOT.jar;c:\Users\91952\.vscode\extensions\vmware.vscode-spring-boot-1.56.0\language-server\BOOT-INF\lib\commons-lang3-3.14.0.jar;c:\Users\91952\.vscode\extensions\vmware.vscode-spring-boot-1.56.0\language-server\BOOT-INF\lib\commons-language-server-1.56.0-SNAPSHOT.jar;c:\Users\91952\.vscode\extensions\vmware.vscode-spring-boot-1.56.0\language-server\BOOT-INF\lib\commons-lsp-extensions-1.56.0-SNAPSHOT.jar;c:\Users\91952\.vscode\extensions\vmware.vscode-spring-boot-1.56.0\language-server\BOOT-INF\lib\commons-rewrite-1.56.0-SNAPSHOT.jar;c:\Users\91952\.vscode\extensions\vmware.vscode-spring-boot-1.56.0\language-server\BOOT-INF\lib\commons-text-1.12.0.jar;c:\Users\91952\.vscode\extensions\vmware.vscode-spring-boot-1.56.0\language-server\BOOT-INF\lib\commons-util-1.56.0-SNAPSHOT.jar;c:\Users\91952\.vscode\extensions\vmware.vscode-spring-boot-1.56.0\language-server\BOOT-INF\lib\commons-yaml-1.56.0-SNAPSHOT.jar;c:\Users\91952\.vscode\extensions\vmware.vscode-spring-boot-1.56.0\language-server\BOOT-INF\lib\docker-java-api-3.3.6.jar;c:\Users\91952\.vscode\extensions\vmware.vscode-spring-boot-1.56.0\language-server\BOOT-INF\lib\docker-java-transport-3.3.6.jar;c:\Users\91952\.vscode\extensions\vmware.vscode-spring-boot-1.56.0\language-server\BOOT-INF\lib\docker-java-transport-zerodep-3.3.6.jar;c:\Users\91952\.vscode\extensions\vmware.vscode-spring-boot-1.56.0\language-server\BOOT-INF\lib\duct-tape-1.0.8.jar;c:\Users\91952\.vscode\extensions\vmware.vscode-spring-boot-1.56.0\language-server\BOOT-INF\lib\ecj-3.38.0.jar;c:\Users\91952\.vscode\extensions\vmware.vscode-spring-boot-1.56.0\language-server\BOOT-INF\lib\error_prone_annotations-2.11.0.jar;c:\Users\91952\.vscode\extensions\vmware.vscode-spring-boot-1.56.0\language-server\BOOT-INF\lib\failsafe-3.3.2.jar;c:\Users\91952\.vscode\extensions\vmware.vscode-spring-boot-1.56.0\language-server\BOOT-INF\lib\failureaccess-1.0.1.jar;c:\Users\91952\.vscode\extensions\vmware.vscode-spring-boot-1.56.0\language-server\BOOT-INF\lib\fastfilter-1.0.2.jar;c:\Users\91952\.vscode\extensions\vmware.vscode-spring-boot-1.56.0\language-server\BOOT-INF\lib\functionaljava-5.0.jar;c:\Users\91952\.vscode\extensions\vmware.vscode-spring-boot-1.56.0\language-server\BOOT-INF\lib\gizmo-1.0.11.Final.jar;c:\Users\91952\.vscode\extensions\vmware.vscode-spring-boot-1.56.0\language-server\BOOT-INF\lib\gradle-tooling-api-8.4.jar;c:\Users\91952\.vscode\extensions\vmware.vscode-spring-boot-1.56.0\language-server\BOOT-INF\lib\groovy-3.0.22.jar;c:\Users\91952\.vscode\extensions\vmware.vscode-spring-boot-1.56.0\language-server\BOOT-INF\lib\gson-2.10.1.jar;c:\Users\91952\.vscode\extensions\vmware.vscode-spring-boot-1.56.0\language-server\BOOT-INF\lib\guava-31.1-jre.jar;c:\Users\91952\.vscode\extensions\vmware.vscode-spring-boot-1.56.0\language-server\BOOT-INF\lib\hamcrest-2.2.jar;c:\Users\91952\.vscode\extensions\vmware.vscode-spring-boot-1.56.0\language-server\BOOT-INF\lib\hamcrest-core-2.2.jar;c:\Users\91952\.vscode\extensions\vmware.vscode-spring-boot-1.56.0\language-server\BOOT-INF\lib\HdrHistogram-2.2.2.jar;c:\Users\91952\.vscode\extensions\vmware.vscode-spring-boot-1.56.0\language-server\BOOT-INF\lib\isorelax-20030108.jar;c:\Users\91952\.vscode\extensions\vmware.vscode-spring-boot-1.56.0\language-server\BOOT-INF\lib\j2objc-annotations-1.3.jar;c:\Users\91952\.vscode\extensions\vmware.vscode-spring-boot-1.56.0\language-server\BOOT-INF\lib\jackson-annotations-2.17.1.jar;c:\Users\91952\.vscode\extensions\vmware.vscode-spring-boot-1.56.0\language-server\BOOT-INF\lib\jackson-core-2.17.1.jar;c:\Users\91952\.vscode\extensions\vmware.vscode-spring-boot-1.56.0\language-server\BOOT-INF\lib\jackson-databind-2.17.1.jar;c:\Users\91952\.vscode\extensions\vmware.vscode-spring-boot-1.56.0\language-server\BOOT-INF\lib\jackson-dataformat-csv-2.17.1.jar;c:\Users\91952\.vscode\extensions\vmware.vscode-spring-boot-1.56.0\language-server\BOOT-INF\lib\jackson-dataformat-smile-2.17.1.jar;c:\Users\91952\.vscode\extensions\vmware.vscode-spring-boot-1.56.0\language-server\BOOT-INF\lib\jackson-dataformat-xml-2.17.1.jar;c:\Users\91952\.vscode\extensions\vmware.vscode-spring-boot-1.56.0\language-server\BOOT-INF\lib\jackson-datatype-jdk8-2.17.1.jar;c:\Users\91952\.vscode\extensions\vmware.vscode-spring-boot-1.56.0\language-server\BOOT-INF\lib\jackson-datatype-jsr310-2.17.1.jar;c:\Users\91952\.vscode\extensions\vmware.vscode-spring-boot-1.56.0\language-server\BOOT-INF\lib\jackson-module-jaxb-annotations-2.17.1.jar;c:\Users\91952\.vscode\extensions\vmware.vscode-spring-boot-1.56.0\language-server\BOOT-INF\lib\jackson-module-parameter-names-2.17.1.jar;c:\Users\91952\.vscode\extensions\vmware.vscode-spring-boot-1.56.0\language-server\BOOT-INF\lib\jakarta.activation-api-2.1.3.jar;c:\Users\91952\.vscode\extensions\vmware.vscode-spring-boot-1.56.0\language-server\BOOT-INF\lib\jakarta.annotation-api-2.1.1.jar;c:\Users\91952\.vscode\extensions\vmware.vscode-spring-boot-1.56.0\language-server\BOOT-INF\lib\jakarta.xml.bind-api-4.0.2.jar;c:\Users\91952\.vscode\extensions\vmware.vscode-spring-boot-1.56.0\language-server\BOOT-INF\lib\jandex-3.1.6.jar;c:\Users\91952\.vscode\extensions\vmware.vscode-spring-boot-1.56.0\language-server\BOOT-INF\lib\java-object-diff-0.95.jar;c:\Users\91952\.vscode\extensions\vmware.vscode-spring-boot-1.56.0\language-server\BOOT-INF\lib\java-object-diff-1.0.1.jar;c:\Users\91952\.vscode\extensions\vmware.vscode-spring-boot-1.56.0\language-server\BOOT-INF\lib\java-properties-1.56.0-SNAPSHOT.jar;c:\Users\91952\.vscode\extensions\vmware.vscode-spring-boot-1.56.0\language-server\BOOT-INF\lib\JavaEWAH-1.2.3.jar;c:\Users\91952\.vscode\extensions\vmware.vscode-spring-boot-1.56.0\language-server\BOOT-INF\lib\javax.activation-api-1.2.0.jar;c:\Users\91952\.vscode\extensions\vmware.vscode-spring-boot-1.56.0\language-server\BOOT-INF\lib\javax.inject-1.jar;c:\Users\91952\.vscode\extensions\vmware.vscode-spring-boot-1.56.0\language-server\BOOT-INF\lib\javolution-core-java-6.0.0.jar;c:\Users\91952\.vscode\extensions\vmware.vscode-spring-boot-1.56.0\language-server\BOOT-INF\lib\jaxb-api-2.3.1.jar;c:\Users\91952\.vscode\extensions\vmware.vscode-spring-boot-1.56.0\language-server\BOOT-INF\lib\jgit-1.2.0.jar;c:\Users\91952\.vscode\extensions\vmware.vscode-spring-boot-1.56.0\language-server\BOOT-INF\lib\jing-20220510.jar;c:\Users\91952\.vscode\extensions\vmware.vscode-spring-boot-1.56.0\language-server\BOOT-INF\lib\jna-5.14.0.jar;c:\Users\91952\.vscode\extensions\vmware.vscode-spring-boot-1.56.0\language-server\BOOT-INF\lib\jna-platform-5.14.0.jar;c:\Users\91952\.vscode\extensions\vmware.vscode-spring-boot-1.56.0\language-server\BOOT-INF\lib\jpql-1.56.0-SNAPSHOT.jar;c:\Users\91952\.vscode\extensions\vmware.vscode-spring-boot-1.56.0\language-server\BOOT-INF\lib\json-20231013.jar;c:\Users\91952\.vscode\extensions\vmware.vscode-spring-boot-1.56.0\language-server\BOOT-INF\lib\jsoup-1.14.2.jar;c:\Users\91952\.vscode\extensions\vmware.vscode-spring-boot-1.56.0\language-server\BOOT-INF\lib\jsr305-3.0.2.jar;c:\Users\91952\.vscode\extensions\vmware.vscode-spring-boot-1.56.0\language-server\BOOT-INF\lib\jul-to-slf4j-2.0.13.jar;c:\Users\91952\.vscode\extensions\vmware.vscode-spring-boot-1.56.0\language-server\BOOT-INF\lib\junit-4.13.2.jar;c:\Users\91952\.vscode\extensions\vmware.vscode-spring-boot-1.56.0\language-server\BOOT-INF\lib\kotlin-compiler-embeddable-1.9.20.jar;c:\Users\91952\.vscode\extensions\vmware.vscode-spring-boot-1.56.0\language-server\BOOT-INF\lib\kotlin-daemon-embeddable-1.9.20.jar;c:\Users\91952\.vscode\extensions\vmware.vscode-spring-boot-1.56.0\language-server\BOOT-INF\lib\kotlin-reflect-1.9.20.jar;c:\Users\91952\.vscode\extensions\vmware.vscode-spring-boot-1.56.0\language-server\BOOT-INF\lib\kotlin-script-runtime-1.9.20.jar;c:\Users\91952\.vscode\extensions\vmware.vscode-spring-boot-1.56.0\language-server\BOOT-INF\lib\kotlin-stdlib-1.9.20.jar;c:\Users\91952\.vscode\extensions\vmware.vscode-spring-boot-1.56.0\language-server\BOOT-INF\lib\kotlin-stdlib-common-1.9.20.jar;c:\Users\91952\.vscode\extensions\vmware.vscode-spring-boot-1.56.0\language-server\BOOT-INF\lib\kotlin-stdlib-jdk7-1.9.20.jar;c:\Users\91952\.vscode\extensions\vmware.vscode-spring-boot-1.56.0\language-server\BOOT-INF\lib\kotlin-stdlib-jdk8-1.9.20.jar;c:\Users\91952\.vscode\extensions\vmware.vscode-spring-boot-1.56.0\language-server\BOOT-INF\lib\language-server-starter-1.56.0-SNAPSHOT.jar;c:\Users\91952\.vscode\extensions\vmware.vscode-spring-boot-1.56.0\language-server\BOOT-INF\lib\LatencyUtils-2.0.3.jar;c:\Users\91952\.vscode\extensions\vmware.vscode-spring-boot-1.56.0\language-server\BOOT-INF\lib\listenablefuture-9999.0-empty-to-avoid-conflict-with-guava.jar;c:\Users\91952\.vscode\extensions\vmware.vscode-spring-boot-1.56.0\language-server\BOOT-INF\lib\log4j-api-2.23.1.jar;c:\Users\91952\.vscode\extensions\vmware.vscode-spring-boot-1.56.0\language-server\BOOT-INF\lib\log4j-to-slf4j-2.23.1.jar;c:\Users\91952\.vscode\extensions\vmware.vscode-spring-boot-1.56.0\language-server\BOOT-INF\lib\logback-classic-1.5.6.jar;c:\Users\91952\.vscode\extensions\vmware.vscode-spring-boot-1.56.0\language-server\BOOT-INF\lib\logback-core-1.5.6.jar;c:\Users\91952\.vscode\extensions\vmware.vscode-spring-boot-1.56.0\language-server\BOOT-INF\lib\micrometer-commons-1.13.1.jar;c:\Users\91952\.vscode\extensions\vmware.vscode-spring-boot-1.56.0\language-server\BOOT-INF\lib\micrometer-core-1.13.1.jar;c:\Users\91952\.vscode\extensions\vmware.vscode-spring-boot-1.56.0\language-server\BOOT-INF\lib\micrometer-observation-1.13.1.jar;c:\Users\91952\.vscode\extensions\vmware.vscode-spring-boot-1.56.0\language-server\BOOT-INF\lib\model-2.3.1.jar;c:\Users\91952\.vscode\extensions\vmware.vscode-spring-boot-1.56.0\language-server\BOOT-INF\lib\okhttp-4.12.0.jar;c:\Users\91952\.vscode\extensions\vmware.vscode-spring-boot-1.56.0\language-server\BOOT-INF\lib\okio-3.6.0.jar;c:\Users\91952\.vscode\extensions\vmware.vscode-spring-boot-1.56.0\language-server\BOOT-INF\lib\okio-jvm-3.6.0.jar;c:\Users\91952\.vscode\extensions\vmware.vscode-spring-boot-1.56.0\language-server\BOOT-INF\lib\org.eclipse.core.commands-3.12.100.jar;c:\Users\91952\.vscode\extensions\vmware.vscode-spring-boot-1.56.0\language-server\BOOT-INF\lib\org.eclipse.core.contenttype-3.9.400.jar;c:\Users\91952\.vscode\extensions\vmware.vscode-spring-boot-1.56.0\language-server\BOOT-INF\lib\org.eclipse.core.expressions-3.9.400.jar;c:\Users\91952\.vscode\extensions\vmware.vscode-spring-boot-1.56.0\language-server\BOOT-INF\lib\org.eclipse.core.filesystem-1.10.400.jar;c:\Users\91952\.vscode\extensions\vmware.vscode-spring-boot-1.56.0\language-server\BOOT-INF\lib\org.eclipse.core.jobs-3.15.300.jar;c:\Users\91952\.vscode\extensions\vmware.vscode-spring-boot-1.56.0\language-server\BOOT-INF\lib\org.eclipse.core.resources-3.20.200.jar;c:\Users\91952\.vscode\extensions\vmware.vscode-spring-boot-1.56.0\language-server\BOOT-INF\lib\org.eclipse.core.runtime-3.31.100.jar;c:\Users\91952\.vscode\extensions\vmware.vscode-spring-boot-1.56.0\language-server\BOOT-INF\lib\org.eclipse.equinox.app-1.7.100.jar;c:\Users\91952\.vscode\extensions\vmware.vscode-spring-boot-1.56.0\language-server\BOOT-INF\lib\org.eclipse.equinox.common-3.19.100.jar;c:\Users\91952\.vscode\extensions\vmware.vscode-spring-boot-1.56.0\language-server\BOOT-INF\lib\org.eclipse.equinox.preferences-3.10.1.jar;c:\Users\91952\.vscode\extensions\vmware.vscode-spring-boot-1.56.0\language-server\BOOT-INF\lib\org.eclipse.equinox.registry-3.12.100.jar;c:\Users\91952\.vscode\extensions\vmware.vscode-spring-boot-1.56.0\language-server\BOOT-INF\lib\org.eclipse.jdt.core-3.38.0.jar;c:\Users\91952\.vscode\extensions\vmware.vscode-spring-boot-1.56.0\language-server\BOOT-INF\lib\org.eclipse.jgit-6.9.0.202403050737-r.jar;c:\Users\91952\.vscode\extensions\vmware.vscode-spring-boot-1.56.0\language-server\BOOT-INF\lib\org.eclipse.lemminx-0.24.0.jar;c:\Users\91952\.vscode\extensions\vmware.vscode-spring-boot-1.56.0\language-server\BOOT-INF\lib\org.eclipse.lsp4j-0.19.0.jar;c:\Users\91952\.vscode\extensions\vmware.vscode-spring-boot-1.56.0\language-server\BOOT-INF\lib\org.eclipse.lsp4j.generator-0.19.0.jar;c:\Users\91952\.vscode\extensions\vmware.vscode-spring-boot-1.56.0\language-server\BOOT-INF\lib\org.eclipse.lsp4j.jsonrpc-0.19.0.jar;c:\Users\91952\.vscode\extensions\vmware.vscode-spring-boot-1.56.0\language-server\BOOT-INF\lib\org.eclipse.osgi-3.20.0.jar;c:\Users\91952\.vscode\extensions\vmware.vscode-spring-boot-1.56.0\language-server\BOOT-INF\lib\org.eclipse.text-3.14.100.jar;c:\Users\91952\.vscode\extensions\vmware.vscode-spring-boot-1.56.0\language-server\BOOT-INF\lib\org.eclipse.xtend.lib-2.28.0.jar;c:\Users\91952\.vscode\extensions\vmware.vscode-spring-boot-1.56.0\language-server\BOOT-INF\lib\org.eclipse.xtend.lib.macro-2.28.0.jar;c:\Users\91952\.vscode\extensions\vmware.vscode-spring-boot-1.56.0\language-server\BOOT-INF\lib\org.eclipse.xtext.xbase.lib-2.28.0.jar;c:\Users\91952\.vscode\extensions\vmware.vscode-spring-boot-1.56.0\language-server\BOOT-INF\lib\org.json-1.0.0-SNAPSHOT.jar;c:\Users\91952\.vscode\extensions\vmware.vscode-spring-boot-1.56.0\language-server\BOOT-INF\lib\org.osgi.service.prefs-1.1.2.jar;c:\Users\91952\.vscode\extensions\vmware.vscode-spring-boot-1.56.0\language-server\BOOT-INF\lib\osgi.annotation-8.1.0.jar;c:\Users\91952\.vscode\extensions\vmware.vscode-spring-boot-1.56.0\language-server\BOOT-INF\lib\reactive-streams-1.0.4.jar;c:\Users\91952\.vscode\extensions\vmware.vscode-spring-boot-1.56.0\language-server\BOOT-INF\lib\reactor-core-3.6.7.jar;c:\Users\91952\.vscode\extensions\vmware.vscode-spring-boot-1.56.0\language-server\BOOT-INF\lib\remark-1.0.0.jar;c:\Users\91952\.vscode\extensions\vmware.vscode-spring-boot-1.56.0\language-server\BOOT-INF\lib\rewrite-analysis-2.9.2.jar;c:\Users\91952\.vscode\extensions\vmware.vscode-spring-boot-1.56.0\language-server\BOOT-INF\lib\rewrite-core-8.29.0.jar;c:\Users\91952\.vscode\extensions\vmware.vscode-spring-boot-1.56.0\language-server\BOOT-INF\lib\rewrite-github-actions-2.6.2.jar;c:\Users\91952\.vscode\extensions\vmware.vscode-spring-boot-1.56.0\language-server\BOOT-INF\lib\rewrite-gradle-8.29.0.jar;c:\Users\91952\.vscode\extensions\vmware.vscode-spring-boot-1.56.0\language-server\BOOT-INF\lib\rewrite-groovy-8.29.0.jar;c:\Users\91952\.vscode\extensions\vmware.vscode-spring-boot-1.56.0\language-server\BOOT-INF\lib\rewrite-hibernate-1.8.0.jar;c:\Users\91952\.vscode\extensions\vmware.vscode-spring-boot-1.56.0\language-server\BOOT-INF\lib\rewrite-java-11-8.29.0.jar;c:\Users\91952\.vscode\extensions\vmware.vscode-spring-boot-1.56.0\language-server\BOOT-INF\lib\rewrite-java-17-8.29.0.jar;c:\Users\91952\.vscode\extensions\vmware.vscode-spring-boot-1.56.0\language-server\BOOT-INF\lib\rewrite-java-21-8.29.0.jar;c:\Users\91952\.vscode\extensions\vmware.vscode-spring-boot-1.56.0\language-server\BOOT-INF\lib\rewrite-java-8-8.29.0.jar;c:\Users\91952\.vscode\extensions\vmware.vscode-spring-boot-1.56.0\language-server\BOOT-INF\lib\rewrite-java-8.29.0.jar;c:\Users\91952\.vscode\extensions\vmware.vscode-spring-boot-1.56.0\language-server\BOOT-INF\lib\rewrite-java-dependencies-1.12.0.jar;c:\Users\91952\.vscode\extensions\vmware.vscode-spring-boot-1.56.0\language-server\BOOT-INF\lib\rewrite-jenkins-0.8.2.jar;c:\Users\91952\.vscode\extensions\vmware.vscode-spring-boot-1.56.0\language-server\BOOT-INF\lib\rewrite-kotlin-1.18.2.jar;c:\Users\91952\.vscode\extensions\vmware.vscode-spring-boot-1.56.0\language-server\BOOT-INF\lib\rewrite-maven-8.29.0.jar;c:\Users\91952\.vscode\extensions\vmware.vscode-spring-boot-1.56.0\language-server\BOOT-INF\lib\rewrite-migrate-java-2.19.0.jar;c:\Users\91952\.vscode\extensions\vmware.vscode-spring-boot-1.56.0\language-server\BOOT-INF\lib\rewrite-openapi-0.5.2.jar;c:\Users\91952\.vscode\extensions\vmware.vscode-spring-boot-1.56.0\language-server\BOOT-INF\lib\rewrite-properties-8.29.0.jar;c:\Users\91952\.vscode\extensions\vmware.vscode-spring-boot-1.56.0\language-server\BOOT-INF\lib\rewrite-spring-5.14.0.jar;c:\Users\91952\.vscode\extensions\vmware.vscode-spring-boot-1.56.0\language-server\BOOT-INF\lib\rewrite-static-analysis-1.11.0.jar;c:\Users\91952\.vscode\extensions\vmware.vscode-spring-boot-1.56.0\language-server\BOOT-INF\lib\rewrite-templating-1.11.2.jar;c:\Users\91952\.vscode\extensions\vmware.vscode-spring-boot-1.56.0\language-server\BOOT-INF\lib\rewrite-testing-frameworks-2.13.0.jar;c:\Users\91952\.vscode\extensions\vmware.vscode-spring-boot-1.56.0\language-server\BOOT-INF\lib\rewrite-xml-8.29.0.jar;c:\Users\91952\.vscode\extensions\vmware.vscode-spring-boot-1.56.0\language-server\BOOT-INF\lib\rewrite-yaml-8.29.0.jar;c:\Users\91952\.vscode\extensions\vmware.vscode-spring-boot-1.56.0\language-server\BOOT-INF\lib\slf4j-api-2.0.13.jar;c:\Users\91952\.vscode\extensions\vmware.vscode-spring-boot-1.56.0\language-server\BOOT-INF\lib\snakeyaml-2.2.jar;c:\Users\91952\.vscode\extensions\vmware.vscode-spring-boot-1.56.0\language-server\BOOT-INF\lib\snappy-java-1.1.10.5.jar;c:\Users\91952\.vscode\extensions\vmware.vscode-spring-boot-1.56.0\language-server\BOOT-INF\lib\spring-aop-6.1.10.jar;c:\Users\91952\.vscode\extensions\vmware.vscode-spring-boot-1.56.0\language-server\BOOT-INF\lib\spring-beans-6.1.10.jar;c:\Users\91952\.vscode\extensions\vmware.vscode-spring-boot-1.56.0\language-server\BOOT-INF\lib\spring-boot-3.3.1.jar;c:\Users\91952\.vscode\extensions\vmware.vscode-spring-boot-1.56.0\language-server\BOOT-INF\lib\spring-boot-autoconfigure-3.3.1.jar;c:\Users\91952\.vscode\extensions\vmware.vscode-spring-boot-1.56.0\language-server\BOOT-INF\lib\spring-boot-jarmode-tools-3.3.1.jar;c:\Users\91952\.vscode\extensions\vmware.vscode-spring-boot-1.56.0\language-server\BOOT-INF\lib\spring-context-6.1.10.jar;c:\Users\91952\.vscode\extensions\vmware.vscode-spring-boot-1.56.0\language-server\BOOT-INF\lib\spring-context-indexer-6.1.10.jar;c:\Users\91952\.vscode\extensions\vmware.vscode-spring-boot-1.56.0\language-server\BOOT-INF\lib\spring-core-6.1.10.jar;c:\Users\91952\.vscode\extensions\vmware.vscode-spring-boot-1.56.0\language-server\BOOT-INF\lib\spring-expression-6.1.10.jar;c:\Users\91952\.vscode\extensions\vmware.vscode-spring-boot-1.56.0\language-server\BOOT-INF\lib\spring-jcl-6.1.10.jar;c:\Users\91952\.vscode\extensions\vmware.vscode-spring-boot-1.56.0\language-server\BOOT-INF\lib\spring-web-6.1.10.jar;c:\Users\91952\.vscode\extensions\vmware.vscode-spring-boot-1.56.0\language-server\BOOT-INF\lib\stax2-api-4.2.2.jar;c:\Users\91952\.vscode\extensions\vmware.vscode-spring-boot-1.56.0\language-server\BOOT-INF\lib\testcontainers-1.19.8.jar;c:\Users\91952\.vscode\extensions\vmware.vscode-spring-boot-1.56.0\language-server\BOOT-INF\lib\trove4j-1.0.20200330.jar;c:\Users\91952\.vscode\extensions\vmware.vscode-spring-boot-1.56.0\language-server\BOOT-INF\lib\woodstox-core-6.6.2.jar;c:\Users\91952\.vscode\extensions\vmware.vscode-spring-boot-1.56.0\language-server\BOOT-INF\lib\xercesImpl-2.12.2.jar;c:\Users\91952\.vscode\extensions\vmware.vscode-spring-boot-1.56.0\language-server\BOOT-INF\lib\xml-apis-1.4.01.jar;c:\Users\91952\.vscode\extensions\vmware.vscode-spring-boot-1.56.0\language-server\BOOT-INF\lib\xml-resolver-1.2.jar
Launcher Type: SUN_STANDARD

[Global flags]
     intx CICompilerCount                          = 4                                         {product} {ergonomic}
     uint ConcGCThreads                            = 3                                         {product} {ergonomic}
     uint G1ConcRefinementThreads                  = 10                                        {product} {ergonomic}
   size_t G1HeapRegionSize                         = 1048576                                   {product} {ergonomic}
    uintx GCDrainStackTargetSize                   = 64                                        {product} {ergonomic}
   size_t InitialHeapSize                          = 123731968                                 {product} {ergonomic}
   size_t MarkStackSize                            = 4194304                                   {product} {ergonomic}
   size_t MaxHeapSize                              = 1073741824                                {product} {command line}
   size_t MaxNewSize                               = 643825664                                 {product} {ergonomic}
   size_t MinHeapDeltaBytes                        = 1048576                                   {product} {ergonomic}
   size_t MinHeapSize                              = 8388608                                   {product} {ergonomic}
    uintx NonNMethodCodeHeapSize                   = 4096                                   {pd product} {ergonomic}
    uintx NonProfiledCodeHeapSize                  = 0                                      {pd product} {ergonomic}
     bool PerfDisableSharedMem                     = true                                      {product} {ergonomic}
     bool ProfileInterpreter                       = false                                  {pd product} {command line}
    uintx ProfiledCodeHeapSize                     = 0                                      {pd product} {ergonomic}
   size_t SoftMaxHeapSize                          = 1073741824                             {manageable} {ergonomic}
     intx TieredStopAtLevel                        = 1                                         {product} {command line}
     bool UseCompressedOops                        = true                           {product lp64_product} {ergonomic}
     bool UseG1GC                                  = true                                      {product} {ergonomic}
     bool UseLargePagesIndividualAllocation        = false                                  {pd product} {ergonomic}

Logging:
Log output configuration:
 #0: stdout all=warning,jni+resolve=off uptime,level,tags foldmultilines=false
 #1: stderr all=off uptime,level,tags foldmultilines=false

Environment Variables:
JAVA_HOME=C:\Program Files\Java\jdk-21
PATH=C:\Program Files\Python312\Scripts\;C:\Program Files\Python312\;C:\windows\system32;C:\windows;C:\windows\System32\Wbem;C:\windows\System32\WindowsPowerShell\v1.0\;C:\windows\System32\OpenSSH\;C:\Program Files (x86)\NVIDIA Corporation\PhysX\Common;C:\Program Files\NVIDIA Corporation\NVIDIA NvDLISR;C:\WINDOWS\system32;C:\WINDOWS;C:\WINDOWS\System32\Wbem;C:\WINDOWS\System32\WindowsPowerShell\v1.0\;C:\WINDOWS\System32\OpenSSH\;C:\mysql-connector-j-8.3.0.jar;C:\Program Files\MySQL\MySQL Server 8.0\bin;C:\Program Files\Git\cmd;C:\Users\91952\AppData\Local\Android\Sdk\platform-tools;C:\Users\91952\AppData\Local\Android\Sdk;C:\ProgramData\chocolatey\bin;C:\Program Files\nodejs\;C:\Program Files\dotnet\;C:\Program Files\Microsoft SQL Server\Client SDK\ODBC\170\Tools\Binn\;C:\Program Files (x86)\Microsoft SQL Server\160\Tools\Binn\;C:\Program Files\Microsoft SQL Server\160\Tools\Binn\;C:\Program Files\Microsoft SQL Server\160\DTS\Binn\;C:\Program Files (x86)\Microsoft SQL Server\160\DTS\Binn\;C:\Program Files\Java\jdk-17\bin;C:\Users\91952\AppData\Local\Android\Sdk\tools;C:\Program Files\Java\jdk-17\bin;C:\Program Files\MySQL\MySQL Shell 8.0\bin\;C:\Users\91952\AppData\Local\Microsoft\WindowsApps;C:\Users\91952\AppData\Local\Programs\Microsoft VS Code\bin;C:\Program Files\MySQL\MySQL Server 8.0\bin;C:\mysql-connector-j-8.3.0.jar;C:\Users\91952\AppData\Local\Android\Sdk;C:\Users\91952\AppData\Local\Android\Sdk\platform-tools;C:\Users\91952\AppData\Local\Android\Sdk\emulator;C:\Users\91952\AppData\Roaming\npm;C:\Program Files\Java\jdk-21\bin;C:\Users\91952\.dotnet\tools;C:\Windows\Microsoft.NET\Framework64\v4.0.30319;C:\Program Files\MongoDB\Server\8.0\bin;;C:\Program Files\JetBrains\IntelliJ IDEA Community Edition 2024.3.1.1\bin;
USERNAME=91952
OS=Windows_NT
PROCESSOR_IDENTIFIER=AMD64 Family 25 Model 80 Stepping 0, AuthenticAMD
TMP=C:\Users\91952\AppData\Local\Temp
TEMP=C:\Users\91952\AppData\Local\Temp




Periodic native trim disabled

---------------  S Y S T E M  ---------------

OS:
 Windows 11 , 64 bit Build 22621 (10.0.22621.4391)
OS uptime: 1 days 18:33 hours
Hyper-V role detected

CPU: total 12 (initial active 12) (12 cores per cpu, 2 threads per core) family 25 model 80 stepping 0 microcode 0x0, cx8, cmov, fxsr, ht, mmx, 3dnowpref, sse, sse2, sse3, ssse3, sse4a, sse4.1, sse4.2, popcnt, lzcnt, tsc, tscinvbit, avx, avx2, aes, erms, clmul, bmi1, bmi2, adx, sha, fma, vzeroupper, clflush, clflushopt, hv, rdtscp, rdpid, fsrm, f16c, cet_ss
Processor Information for processor 0
  Max Mhz: 3301, Current Mhz: 2630, Mhz Limit: 3301
Processor Information for processor 1
  Max Mhz: 3301, Current Mhz: 2630, Mhz Limit: 3301
Processor Information for processor 2
  Max Mhz: 3301, Current Mhz: 3301, Mhz Limit: 3301
Processor Information for processor 3
  Max Mhz: 3301, Current Mhz: 3301, Mhz Limit: 3301
Processor Information for processor 4
  Max Mhz: 3301, Current Mhz: 3301, Mhz Limit: 3301
Processor Information for processor 5
  Max Mhz: 3301, Current Mhz: 3301, Mhz Limit: 3301
Processor Information for processor 6
  Max Mhz: 3301, Current Mhz: 2630, Mhz Limit: 3301
Processor Information for processor 7
  Max Mhz: 3301, Current Mhz: 2630, Mhz Limit: 3301
Processor Information for processor 8
  Max Mhz: 3301, Current Mhz: 3301, Mhz Limit: 3301
Processor Information for processor 9
  Max Mhz: 3301, Current Mhz: 2630, Mhz Limit: 3301
Processor Information for processor 10
  Max Mhz: 3301, Current Mhz: 2630, Mhz Limit: 3301
Processor Information for processor 11
  Max Mhz: 3301, Current Mhz: 3301, Mhz Limit: 3301

Memory: 4k page, system-wide physical 7521M (193M free)
TotalPageFile size 26363M (AvailPageFile size 9M)
current process WorkingSet (physical memory assigned to process): 44M, peak: 196M
current process commit charge ("private bytes"): 234M, peak: 254M

vm_info: OpenJDK 64-Bit Server VM (21.0.6+7-LTS) for windows-amd64 JRE (21.0.6+7-LTS), built on 2025-01-21T00:00:00Z by "admin" with MS VC++ 17.7 (VS2022)

END.
